#
# A fatal error has been detected by the Java Runtime Environment:
#
#  SIGSEGV (0xb) at pc=0x00007f811a762049, pid=8144, tid=0x00007f80bc164700
#
# JRE version: OpenJDK Runtime Environment (8.0_181-b13) (build 1.8.0_181-8u181-b13-0ubuntu0.18.04.1-b13)
# Java VM: OpenJDK 64-Bit Server VM (25.181-b13 mixed mode linux-amd64 compressed oops)
# Problematic frame:
# V  [libjvm.so+0x69f049]
#
# Failed to write core dump. Core dumps have been disabled. To enable core dumping, try "ulimit -c unlimited" before starting Java again
#
# If you would like to submit a bug report, please visit:
#   http://bugreport.java.com/bugreport/crash.jsp
#

---------------  T H R E A D  ---------------

Current thread (0x00007f8114426000):  JavaThread "JavaFX Application Thread" [_thread_in_vm, id=8164, stack(0x00007f80bc064000,0x00007f80bc165000)]

siginfo: si_signo: 11 (SIGSEGV), si_code: 1 (SEGV_MAPERR), si_addr: 0x0000000037649525

Registers:
RAX=0x0000000000000030, RBX=0x00007f80efcf6470, RCX=0x000000003764951d, RDX=0x00007f811b01d849
RSP=0x00007f80bc1631b0, RBP=0x00007f80bc163330, RSI=0x00007f811afff800, RDI=0x00007f80bc1631e8
R8 =0x0000000000000005, R9 =0x00007f8114426000, R10=0x00007f80a4000d30, R11=0x00007f81053e0160
R12=0x00007f80bc163380, R13=0x00007f80bc163350, R14=0x00007f80bc163380, R15=0x00007f8114426000
RIP=0x00007f811a762049, EFLAGS=0x0000000000010202, CSGSFS=0x002b000000000033, ERR=0x0000000000000004
  TRAPNO=0x000000000000000e

Top of Stack: (sp=0x00007f80bc1631b0)
0x00007f80bc1631b0:   00007f80bc1632c0 00007f811a7428b9
0x00007f80bc1631c0:   0000000000000000 00007f80bc163200
0x00007f80bc1631d0:   00007f80bc1631f0 00007f81144261e0
0x00007f80bc1631e0:   0000000000000004 00007f81143de218
0x00007f80bc1631f0:   00007f80efcf6470 00007f8114426000
0x00007f80bc163200:   00007f80efcf6470 00007f8114426000
0x00007f80bc163210:   00007f8114426870 00007f80d0065a30
0x00007f80bc163220:   00007f80d0065a40 00007f80d0065e18
0x00007f80bc163230:   00000000000003d8 0000000000000000
0x00007f80bc163240:   00007f80efcf6470 00007f8114426000
0x00007f80bc163250:   00000000efcec348 00000000d7033d68
0x00007f80bc163260:   0000000000000000 00007f81050183db
0x00007f80bc163270:   00007f80efcf6470 00007f8114426000
0x00007f80bc163280:   00007f80bc1632d0 00000000d708c4f8
0x00007f80bc163290:   000000000000006f 00007f800000000a
0x00007f80bc1632a0:   00000000d854f500 00007f8000000000
0x00007f80bc1632b0:   00007f80bc1633a0 00007f80bc163360
0x00007f80bc1632c0:   00007f80bc163450 0000000100000171
0x00007f80bc1632d0:   00007f81143ad000 00007f80bc163288
0x00007f80bc1632e0:   00007f80bc1632c9 0000000800000005
0x00007f80bc1632f0:   00007f80bc163300 4b82d206cfdbdf00
0x00007f80bc163300:   0000000000000000 00007f8114426000
0x00007f80bc163310:   00007f81144261e0 00007f811437a208
0x00007f80bc163320:   00007f80bc163380 00007f80bc163410
0x00007f80bc163330:   00007f80bc163400 00007f811a764e9b
0x00007f80bc163340:   00007f811439f3a0 00007f8114293b20
0x00007f80bc163350:   000000000000000e 0000000000000000
0x00007f80bc163360:   00007f8114426000 0000000000000000
0x00007f80bc163370:   00000000bc1633e0 00007f80bc163498
0x00007f80bc163380:   00007f811af63c18 00007f811bd177e0
0x00007f80bc163390:   000000000000000b 00007f8000000063
0x00007f80bc1633a0:   0000000000000000 0000003000000018 

Instructions: (pc=0x00007f811a762049)
0x00007f811a762029:   8b 95 b8 fe ff ff 48 8b 0a 48 8d 15 10 b8 8b 00
0x00007f811a762039:   80 3a 00 0f 84 3e 03 00 00 48 8d 35 b7 d7 89 00
0x00007f811a762049:   8b 51 08 8b 4e 08 48 d3 e2 48 03 16 48 8b 9c c2
0x00007f811a762059:   a8 01 00 00 48 89 9d a0 fe ff ff 48 85 db f3 0f 

Register to memory mapping:

RAX=0x0000000000000030 is an unknown value
RBX={method} {0x00007f80efcf6470} 'notifyKey' '(II[CI)V' in 'com/sun/glass/ui/View'
RCX=0x000000003764951d is an unknown value
RDX=0x00007f811b01d849: <offset 0xf5a849> in /usr/lib/jvm/java-8-openjdk-amd64/jre/lib/amd64/server/libjvm.so at 0x00007f811a0c3000
RSP=0x00007f80bc1631b0 is pointing into the stack for thread: 0x00007f8114426000
RBP=0x00007f80bc163330 is pointing into the stack for thread: 0x00007f8114426000
RSI=0x00007f811afff800: <offset 0xf3c800> in /usr/lib/jvm/java-8-openjdk-amd64/jre/lib/amd64/server/libjvm.so at 0x00007f811a0c3000
RDI=0x00007f80bc1631e8 is pointing into the stack for thread: 0x00007f8114426000
R8 =0x0000000000000005 is an unknown value
R9 =0x00007f8114426000 is a thread
R10=0x00007f80a4000d30 is an unknown value
R11=0x00007f81053e0160 is at entry_point+32 in (nmethod*)0x00007f81053dffd0
R12=0x00007f80bc163380 is pointing into the stack for thread: 0x00007f8114426000
R13=0x00007f80bc163350 is pointing into the stack for thread: 0x00007f8114426000
R14=0x00007f80bc163380 is pointing into the stack for thread: 0x00007f8114426000
R15=0x00007f8114426000 is a thread


Stack: [0x00007f80bc064000,0x00007f80bc165000],  sp=0x00007f80bc1631b0,  free space=1020k
Native frames: (J=compiled Java code, j=interpreted, Vv=VM code, C=native code)
V  [libjvm.so+0x69f049]
V  [libjvm.so+0x6a1e9b]
C  [libglass.so+0x13953]  JNIEnv_::CallVoidMethod(_jobject*, _jmethodID*, ...)+0x93
C  [libglass.so+0x1d6b7]  WindowContextBase::process_key(_GdkEventKey*)+0x207
C  [libglass.so+0x1bc70]  WindowContextBase::im_filter_keypress(_GdkEventKey*)+0x210
C  [libglass.so+0x179d4]
C  [libgdk-x11-2.0.so.0+0x5b02c]

Java frames: (J=compiled Java code, j=interpreted, Vv=VM code)
j  com.sun.glass.ui.gtk.GtkApplication._runLoop(Ljava/lang/Runnable;Z)V+0
j  com.sun.glass.ui.gtk.GtkApplication.lambda$null$5(Ljava/lang/Runnable;Z)V+7
j  com.sun.glass.ui.gtk.GtkApplication$$Lambda$41.run()V+12
j  java.lang.Thread.run()V+11
v  ~StubRoutines::call_stub

---------------  P R O C E S S  ---------------

Java Threads: ( => current thread )
  0x00007f80a41ee000 JavaThread "Prism Font Disposer" daemon [_thread_blocked, id=8172, stack(0x00007f80b15f4000,0x00007f80b16f5000)]
  0x00007f811442b800 JavaThread "JavaFX-Launcher" [_thread_blocked, id=8167, stack(0x00007f80b1fb8000,0x00007f80b20b9000)]
=>0x00007f8114426000 JavaThread "JavaFX Application Thread" [_thread_in_vm, id=8164, stack(0x00007f80bc064000,0x00007f80bc165000)]
  0x00007f8114423000 JavaThread "Thread-1" daemon [_thread_blocked, id=8163, stack(0x00007f80d402f000,0x00007f80d4130000)]
  0x00007f811434e800 JavaThread "QuantumRenderer-0" daemon [_thread_blocked, id=8162, stack(0x00007f80ed36a000,0x00007f80ed46b000)]
  0x00007f81142ab000 JavaThread "Service Thread" daemon [_thread_blocked, id=8158, stack(0x00007f80ed56c000,0x00007f80ed66d000)]
  0x00007f81142a8000 JavaThread "C1 CompilerThread2" daemon [_thread_blocked, id=8157, stack(0x00007f80ed66e000,0x00007f80ed76e000)]
  0x00007f81142a6000 JavaThread "C2 CompilerThread1" daemon [_thread_in_native, id=8156, stack(0x00007f80ed76f000,0x00007f80ed86f000)]
  0x00007f81142a4000 JavaThread "C2 CompilerThread0" daemon [_thread_in_native, id=8155, stack(0x00007f80eda88000,0x00007f80edb88000)]
  0x00007f81142a2800 JavaThread "Monitor Ctrl-Break" daemon [_thread_in_native, id=8154, stack(0x00007f80edb88000,0x00007f80edc89000)]
  0x00007f8114181800 JavaThread "Signal Dispatcher" daemon [_thread_blocked, id=8153, stack(0x00007f80edd20000,0x00007f80ede21000)]
  0x00007f811414e000 JavaThread "Finalizer" daemon [_thread_blocked, id=8152, stack(0x00007f80ee7f0000,0x00007f80ee8f1000)]
  0x00007f8114149800 JavaThread "Reference Handler" daemon [_thread_blocked, id=8151, stack(0x00007f80ee8f1000,0x00007f80ee9f2000)]
  0x00007f811400d000 JavaThread "main" [_thread_blocked, id=8145, stack(0x00007f811bd94000,0x00007f811be94000)]

Other Threads:
  0x00007f8114141800 VMThread [stack: 0x00007f80ee9f3000,0x00007f80eeaf3000] [id=8150]
  0x00007f81142ad800 WatcherThread [stack: 0x00007f80ed46c000,0x00007f80ed56c000] [id=8159]

VM state:not at safepoint (normal execution)

VM Mutex/Monitor currently owned by a thread: None

Heap:
 PSYoungGen      total 36864K, used 11716K [0x00000000d6d00000, 0x00000000d9600000, 0x0000000100000000)
  eden space 31744K, 20% used [0x00000000d6d00000,0x00000000d7379360,0x00000000d8c00000)
  from space 5120K, 99% used [0x00000000d9100000,0x00000000d95f8068,0x00000000d9600000)
  to   space 5120K, 0% used [0x00000000d8c00000,0x00000000d8c00000,0x00000000d9100000)
 ParOldGen       total 84992K, used 5387K [0x0000000084600000, 0x0000000089900000, 0x00000000d6d00000)
  object space 84992K, 6% used [0x0000000084600000,0x0000000084b42f00,0x0000000089900000)
 Metaspace       used 17671K, capacity 18774K, committed 18944K, reserved 1064960K
  class space    used 2575K, capacity 2809K, committed 2816K, reserved 1048576K

Card table byte_map: [0x00007f8104c22000,0x00007f8105000000] byte_map_base: 0x00007f81047ff000

Marking Bits: (ParMarkBitMap*) 0x00007f811b0271c0
 Begin Bits: [0x00007f80fc230000, 0x00007f80fe118000)
 End Bits:   [0x00007f80fe118000, 0x00007f8100000000)

Polling page: 0x00007f811bea8000

CodeCache: size=245760Kb used=5232Kb max_used=5232Kb free=240527Kb
 bounds [0x00007f8105000000, 0x00007f8105520000, 0x00007f8114000000]
 total_blobs=2307 nmethods=1660 adapters=561
 compilation: enabled

Compilation events (10 events):
Event: 6,794 Thread 0x00007f81142a8000 nmethod 1660 0x00007f810551c690 code [0x00007f810551c7e0, 0x00007f810551c8f0]
Event: 6,794 Thread 0x00007f81142a8000 1661       1       com.sun.javafx.font.CompositeStrike::getFontResource (5 bytes)
Event: 6,794 Thread 0x00007f81142a8000 nmethod 1661 0x00007f810551c950 code [0x00007f810551caa0, 0x00007f810551cbb0]
Event: 6,794 Thread 0x00007f81142a8000 1649       1       javafx.scene.control.Control::isResizable (2 bytes)
Event: 6,794 Thread 0x00007f81142a8000 nmethod 1649 0x00007f810551cc10 code [0x00007f810551cd60, 0x00007f810551ce70]
Event: 6,794 Thread 0x00007f81142a8000 1645       1       com.sun.javafx.scene.control.skin.LabeledText::access$100 (5 bytes)
Event: 6,794 Thread 0x00007f81142a8000 nmethod 1645 0x00007f810551ced0 code [0x00007f810551d020, 0x00007f810551d110]
Event: 6,794 Thread 0x00007f81142a8000 1644       1       javafx.scene.control.Control::access$800 (5 bytes)
Event: 6,794 Thread 0x00007f81142a8000 nmethod 1644 0x00007f810551d190 code [0x00007f810551d2e0, 0x00007f810551d3d0]
Event: 6,794 Thread 0x00007f81142a8000 1668       3       com.sun.javafx.event.EventHandlerManager::dispatchBubblingEvent (34 bytes)

GC Heap History (4 events):
Event: 1,191 GC heap before
{Heap before GC invocations=1 (full 0):
 PSYoungGen      total 36864K, used 31744K [0x00000000d6d00000, 0x00000000d9600000, 0x0000000100000000)
  eden space 31744K, 100% used [0x00000000d6d00000,0x00000000d8c00000,0x00000000d8c00000)
  from space 5120K, 0% used [0x00000000d9100000,0x00000000d9100000,0x00000000d9600000)
  to   space 5120K, 0% used [0x00000000d8c00000,0x00000000d8c00000,0x00000000d9100000)
 ParOldGen       total 84992K, used 0K [0x0000000084600000, 0x0000000089900000, 0x00000000d6d00000)
  object space 84992K, 0% used [0x0000000084600000,0x0000000084600000,0x0000000089900000)
 Metaspace       used 10479K, capacity 10942K, committed 11136K, reserved 1058816K
  class space    used 1410K, capacity 1545K, committed 1664K, reserved 1048576K
Event: 1,201 GC heap after
Heap after GC invocations=1 (full 0):
 PSYoungGen      total 36864K, used 5107K [0x00000000d6d00000, 0x00000000d9600000, 0x0000000100000000)
  eden space 31744K, 0% used [0x00000000d6d00000,0x00000000d6d00000,0x00000000d8c00000)
  from space 5120K, 99% used [0x00000000d8c00000,0x00000000d90fcf58,0x00000000d9100000)
  to   space 5120K, 0% used [0x00000000d9100000,0x00000000d9100000,0x00000000d9600000)
 ParOldGen       total 84992K, used 1731K [0x0000000084600000, 0x0000000089900000, 0x00000000d6d00000)
  object space 84992K, 2% used [0x0000000084600000,0x00000000847b0f00,0x0000000089900000)
 Metaspace       used 10479K, capacity 10942K, committed 11136K, reserved 1058816K
  class space    used 1410K, capacity 1545K, committed 1664K, reserved 1048576K
}
Event: 6,615 GC heap before
{Heap before GC invocations=2 (full 0):
 PSYoungGen      total 36864K, used 36851K [0x00000000d6d00000, 0x00000000d9600000, 0x0000000100000000)
  eden space 31744K, 100% used [0x00000000d6d00000,0x00000000d8c00000,0x00000000d8c00000)
  from space 5120K, 99% used [0x00000000d8c00000,0x00000000d90fcf58,0x00000000d9100000)
  to   space 5120K, 0% used [0x00000000d9100000,0x00000000d9100000,0x00000000d9600000)
 ParOldGen       total 84992K, used 1731K [0x0000000084600000, 0x0000000089900000, 0x00000000d6d00000)
  object space 84992K, 2% used [0x0000000084600000,0x00000000847b0f00,0x0000000089900000)
 Metaspace       used 16642K, capacity 17496K, committed 17792K, reserved 1064960K
  class space    used 2386K, capacity 2588K, committed 2688K, reserved 1048576K
Event: 6,637 GC heap after
Heap after GC invocations=2 (full 0):
 PSYoungGen      total 36864K, used 5088K [0x00000000d6d00000, 0x00000000d9600000, 0x0000000100000000)
  eden space 31744K, 0% used [0x00000000d6d00000,0x00000000d6d00000,0x00000000d8c00000)
  from space 5120K, 99% used [0x00000000d9100000,0x00000000d95f8068,0x00000000d9600000)
  to   space 5120K, 0% used [0x00000000d8c00000,0x00000000d8c00000,0x00000000d9100000)
 ParOldGen       total 84992K, used 5387K [0x0000000084600000, 0x0000000089900000, 0x00000000d6d00000)
  object space 84992K, 6% used [0x0000000084600000,0x0000000084b42f00,0x0000000089900000)
 Metaspace       used 16642K, capacity 17496K, committed 17792K, reserved 1064960K
  class space    used 2386K, capacity 2588K, committed 2688K, reserved 1048576K
}

Deoptimization events (10 events):
Event: 1,510 Thread 0x00007f8114426000 Uncommon trap: reason=unstable_if action=reinterpret pc=0x00007f81052ba828 method=sun.net.www.ParseUtil.encodePath(Ljava/lang/String;Z)Ljava/lang/String; @ 109
Event: 1,725 Thread 0x00007f8114426000 Uncommon trap: reason=unstable_if action=reinterpret pc=0x00007f81052e4a24 method=jdk.internal.org.objectweb.asm.Type.getArgumentsAndReturnSizes(Ljava/lang/String;)I @ 47
Event: 5,751 Thread 0x00007f8114426000 Uncommon trap: reason=unstable_if action=reinterpret pc=0x00007f8105232ba0 method=java.lang.CharacterData.of(I)Ljava/lang/CharacterData; @ 4
Event: 6,439 Thread 0x00007f8114426000 Uncommon trap: reason=unstable_if action=reinterpret pc=0x00007f81052a2310 method=java.lang.AbstractStringBuilder.append(Ljava/lang/String;)Ljava/lang/AbstractStringBuilder; @ 1
Event: 6,495 Thread 0x00007f8114426000 Uncommon trap: reason=class_check action=maybe_recompile pc=0x00007f8105463f0c method=java.util.HashMap.putVal(ILjava/lang/Object;Ljava/lang/Object;ZZ)Ljava/lang/Object; @ 253
Event: 6,495 Thread 0x00007f8114426000 Uncommon trap: reason=class_check action=maybe_recompile pc=0x00007f8105463f0c method=java.util.HashMap.putVal(ILjava/lang/Object;Ljava/lang/Object;ZZ)Ljava/lang/Object; @ 253
Event: 6,495 Thread 0x00007f8114426000 Uncommon trap: reason=class_check action=maybe_recompile pc=0x00007f8105463f0c method=java.util.HashMap.putVal(ILjava/lang/Object;Ljava/lang/Object;ZZ)Ljava/lang/Object; @ 253
Event: 6,495 Thread 0x00007f8114426000 Uncommon trap: reason=class_check action=maybe_recompile pc=0x00007f8105463f0c method=java.util.HashMap.putVal(ILjava/lang/Object;Ljava/lang/Object;ZZ)Ljava/lang/Object; @ 253
Event: 6,524 Thread 0x00007f8114426000 Uncommon trap: reason=unstable_if action=reinterpret pc=0x00007f810546fc1c method=org.sqlite.SQLiteJDBCLoader.contentsEquals(Ljava/io/InputStream;Ljava/io/InputStream;)Z @ 39
Event: 6,591 Thread 0x00007f8114426000 Uncommon trap: reason=unstable_if action=reinterpret pc=0x00007f81053c5638 method=java.lang.StrictMath.floorOrCeil(DDDD)D @ 38

Classes redefined (0 events):
No events

Internal exceptions (10 events):
Event: 0,284 Thread 0x00007f811400d000 Exception <a 'java/security/PrivilegedActionException'> (0x00000000d71c7070) thrown at [/build/openjdk-8-8iINie/openjdk-8-8u181-b13/src/hotspot/src/share/vm/prims/jvm.cpp, line 1435]
Event: 0,284 Thread 0x00007f811400d000 Exception <a 'java/security/PrivilegedActionException'> (0x00000000d71c7280) thrown at [/build/openjdk-8-8iINie/openjdk-8-8u181-b13/src/hotspot/src/share/vm/prims/jvm.cpp, line 1435]
Event: 0,285 Thread 0x00007f811400d000 Exception <a 'java/security/PrivilegedActionException'> (0x00000000d71c7d58) thrown at [/build/openjdk-8-8iINie/openjdk-8-8u181-b13/src/hotspot/src/share/vm/prims/jvm.cpp, line 1435]
Event: 0,285 Thread 0x00007f811400d000 Exception <a 'java/security/PrivilegedActionException'> (0x00000000d71c7f68) thrown at [/build/openjdk-8-8iINie/openjdk-8-8u181-b13/src/hotspot/src/share/vm/prims/jvm.cpp, line 1435]
Event: 0,285 Thread 0x00007f811400d000 Exception <a 'java/lang/NullPointerException'> (0x00000000d71c9940) thrown at [/build/openjdk-8-8iINie/openjdk-8-8u181-b13/src/hotspot/src/share/vm/interpreter/linkResolver.cpp, line 1185]
Event: 0,357 Thread 0x00007f811400d000 Implicit null exception at 0x00007f810510e955 to 0x00007f810510eb25
Event: 0,839 Thread 0x00007f8114426000 Exception <a 'java/lang/NullPointerException'> (0x00000000d7db2e20) thrown at [/build/openjdk-8-8iINie/openjdk-8-8u181-b13/src/hotspot/src/share/vm/interpreter/linkResolver.cpp, line 1185]
Event: 0,839 Thread 0x00007f8114426000 Exception <a 'java/lang/NullPointerException'> (0x00000000d7db2e20) thrown at [/build/openjdk-8-8iINie/openjdk-8-8u181-b13/src/hotspot/src/share/vm/prims/jvm.cpp, line 1439]
Event: 1,118 Thread 0x00007f8114426000 Implicit null exception at 0x00007f8105274975 to 0x00007f8105274da9
Event: 6,439 Thread 0x00007f8114426000 Implicit null exception at 0x00007f81052a1f35 to 0x00007f81052a22fd

Events (10 events):
Event: 6,793 loading class Controller/MainPageController
Event: 6,793 loading class Controller/MainPageController done
Event: 6,794 loading class javafx/event/ActionEvent
Event: 6,794 loading class javafx/event/ActionEvent done
Event: 6,794 loading class javafx/event/EventHandler
Event: 6,794 loading class javafx/event/EventHandler done
Event: 6,794 Thread 0x00007f8114426000 DEOPT PACKING pc=0x00007f8105423d94 sp=0x00007f80bc160d00
Event: 6,794 Thread 0x00007f8114426000 DEOPT UNPACKING pc=0x00007f81050474c4 sp=0x00007f80bc160a88 mode 0
Event: 6,794 Thread 0x00007f8114426000 DEOPT PACKING pc=0x00007f8105423d94 sp=0x00007f80bc161be0
Event: 6,794 Thread 0x00007f8114426000 DEOPT UNPACKING pc=0x00007f81050474c4 sp=0x00007f80bc161968 mode 0


Dynamic libraries:
84600000-89900000 rw-p 00000000 00:00 0 
89900000-d6d00000 ---p 00000000 00:00 0 
d6d00000-d9600000 rw-p 00000000 00:00 0 
d9600000-100000000 ---p 00000000 00:00 0 
100000000-1002c0000 rw-p 00000000 00:00 0 
1002c0000-140000000 ---p 00000000 00:00 0 
5618be71a000-5618be71b000 r-xp 00000000 08:06 1313571                    /usr/lib/jvm/java-8-openjdk-amd64/jre/bin/java
5618be91a000-5618be91b000 r--p 00000000 08:06 1313571                    /usr/lib/jvm/java-8-openjdk-amd64/jre/bin/java
5618be91b000-5618be91c000 rw-p 00001000 08:06 1313571                    /usr/lib/jvm/java-8-openjdk-amd64/jre/bin/java
5618beecc000-5618beeed000 rw-p 00000000 00:00 0                          [heap]
7f809c000000-7f809c021000 rw-p 00000000 00:00 0 
7f809c021000-7f80a0000000 ---p 00000000 00:00 0 
7f80a4000000-7f80a4389000 rw-p 00000000 00:00 0 
7f80a4389000-7f80a8000000 ---p 00000000 00:00 0 
7f80a8000000-7f80a8021000 rw-p 00000000 00:00 0 
7f80a8021000-7f80ac000000 ---p 00000000 00:00 0 
7f80ac000000-7f80ac021000 rw-p 00000000 00:00 0 
7f80ac021000-7f80b0000000 ---p 00000000 00:00 0 
7f80b0add000-7f80b0b8a000 r--p 00000000 08:06 1837770                    /usr/share/fonts/truetype/dejavu/DejaVuSans-Bold.ttf
7f80b0b8a000-7f80b0d4a000 rw-p 00000000 00:00 0 
7f80b0d4a000-7f80b0d8a000 ---p 00000000 00:00 0 
7f80b0d8a000-7f80b0e6f000 r-xp 00000000 08:06 917559                     /tmp/sqlite-3.21.0-24758222-f08e-411a-a00e-569084e5878b-libsqlitejdbc.so
7f80b0e6f000-7f80b106e000 ---p 000e5000 08:06 917559                     /tmp/sqlite-3.21.0-24758222-f08e-411a-a00e-569084e5878b-libsqlitejdbc.so
7f80b106e000-7f80b1073000 rw-p 000e4000 08:06 917559                     /tmp/sqlite-3.21.0-24758222-f08e-411a-a00e-569084e5878b-libsqlitejdbc.so
7f80b1073000-7f80b1074000 rw-p 00000000 00:00 0 
7f80b1074000-7f80b1234000 rw-s 10010e000 00:06 336                       /dev/dri/card0
7f80b1234000-7f80b13f4000 rw-s 00000000 00:19 1419                       /i915 (deleted)
7f80b13f4000-7f80b15f4000 rw-p 00000000 00:00 0 
7f80b15f4000-7f80b15f7000 ---p 00000000 00:00 0 
7f80b15f7000-7f80b16f5000 rw-p 00000000 00:00 0 
7f80b16f5000-7f80b17ae000 r--p 00000000 08:06 1837771                    /usr/share/fonts/truetype/dejavu/DejaVuSans.ttf
7f80b17ae000-7f80b19ae000 rw-p 00000000 00:00 0 
7f80b19ae000-7f80b19b3000 r-xp 00000000 08:06 1320134                    /usr/lib/jvm/java-8-openjdk-amd64/jre/lib/amd64/libjavafx_font_freetype.so
7f80b19b3000-7f80b1bb2000 ---p 00005000 08:06 1320134                    /usr/lib/jvm/java-8-openjdk-amd64/jre/lib/amd64/libjavafx_font_freetype.so
7f80b1bb2000-7f80b1bb3000 r--p 00004000 08:06 1320134                    /usr/lib/jvm/java-8-openjdk-amd64/jre/lib/amd64/libjavafx_font_freetype.so
7f80b1bb3000-7f80b1bb4000 rw-p 00005000 08:06 1320134                    /usr/lib/jvm/java-8-openjdk-amd64/jre/lib/amd64/libjavafx_font_freetype.so
7f80b1bb4000-7f80b1db4000 rw-p 00000000 00:00 0 
7f80b1db4000-7f80b1db7000 r-xp 00000000 08:06 1320133                    /usr/lib/jvm/java-8-openjdk-amd64/jre/lib/amd64/libjavafx_font.so
7f80b1db7000-7f80b1fb6000 ---p 00003000 08:06 1320133                    /usr/lib/jvm/java-8-openjdk-amd64/jre/lib/amd64/libjavafx_font.so
7f80b1fb6000-7f80b1fb7000 r--p 00002000 08:06 1320133                    /usr/lib/jvm/java-8-openjdk-amd64/jre/lib/amd64/libjavafx_font.so
7f80b1fb7000-7f80b1fb8000 rw-p 00003000 08:06 1320133                    /usr/lib/jvm/java-8-openjdk-amd64/jre/lib/amd64/libjavafx_font.so
7f80b1fb8000-7f80b1fbb000 ---p 00000000 00:00 0 
7f80b1fbb000-7f80b20b9000 rw-p 00000000 00:00 0 
7f80b20b9000-7f80b20f3000 r-xp 00000000 08:06 1312876                    /usr/lib/x86_64-linux-gnu/gtk-2.0/2.10.0/engines/libmurrine.so
7f80b20f3000-7f80b22f3000 ---p 0003a000 08:06 1312876                    /usr/lib/x86_64-linux-gnu/gtk-2.0/2.10.0/engines/libmurrine.so
7f80b22f3000-7f80b22f4000 r--p 0003a000 08:06 1312876                    /usr/lib/x86_64-linux-gnu/gtk-2.0/2.10.0/engines/libmurrine.so
7f80b22f4000-7f80b22f5000 rw-p 0003b000 08:06 1312876                    /usr/lib/x86_64-linux-gnu/gtk-2.0/2.10.0/engines/libmurrine.so
7f80b22f5000-7f80b2309000 r-xp 00000000 08:06 3413361                    /lib/x86_64-linux-gnu/libgpg-error.so.0.22.0
7f80b2309000-7f80b2508000 ---p 00014000 08:06 3413361                    /lib/x86_64-linux-gnu/libgpg-error.so.0.22.0
7f80b2508000-7f80b2509000 r--p 00013000 08:06 3413361                    /lib/x86_64-linux-gnu/libgpg-error.so.0.22.0
7f80b2509000-7f80b250a000 rw-p 00014000 08:06 3413361                    /lib/x86_64-linux-gnu/libgpg-error.so.0.22.0
7f80b250a000-7f80b261e000 r-xp 00000000 08:06 3413359                    /lib/x86_64-linux-gnu/libgcrypt.so.20.2.1
7f80b261e000-7f80b281d000 ---p 00114000 08:06 3413359                    /lib/x86_64-linux-gnu/libgcrypt.so.20.2.1
7f80b281d000-7f80b281f000 r--p 00113000 08:06 3413359                    /lib/x86_64-linux-gnu/libgcrypt.so.20.2.1
7f80b281f000-7f80b2824000 rw-p 00115000 08:06 3413359                    /lib/x86_64-linux-gnu/libgcrypt.so.20.2.1
7f80b2824000-7f80b2825000 rw-p 00000000 00:00 0 
7f80b2825000-7f80b2840000 r-xp 00000000 08:06 1058154                    /usr/lib/x86_64-linux-gnu/liblz4.so.1.7.1
7f80b2840000-7f80b2a3f000 ---p 0001b000 08:06 1058154                    /usr/lib/x86_64-linux-gnu/liblz4.so.1.7.1
7f80b2a3f000-7f80b2a40000 r--p 0001a000 08:06 1058154                    /usr/lib/x86_64-linux-gnu/liblz4.so.1.7.1
7f80b2a40000-7f80b2a41000 rw-p 0001b000 08:06 1058154                    /usr/lib/x86_64-linux-gnu/liblz4.so.1.7.1
7f80b2a41000-7f80b2a65000 r-xp 00000000 08:06 3413380                    /lib/x86_64-linux-gnu/liblzma.so.5.2.2
7f80b2a65000-7f80b2c65000 ---p 00024000 08:06 3413380                    /lib/x86_64-linux-gnu/liblzma.so.5.2.2
7f80b2c65000-7f80b2c66000 r--p 00024000 08:06 3413380                    /lib/x86_64-linux-gnu/liblzma.so.5.2.2
7f80b2c66000-7f80b2c67000 rw-p 00025000 08:06 3413380                    /lib/x86_64-linux-gnu/liblzma.so.5.2.2
7f80b2c67000-7f80b2ce7000 r-xp 00000000 08:06 3413474                    /lib/x86_64-linux-gnu/libsystemd.so.0.21.0
7f80b2ce7000-7f80b2ee6000 ---p 00080000 08:06 3413474                    /lib/x86_64-linux-gnu/libsystemd.so.0.21.0
7f80b2ee6000-7f80b2ee9000 r--p 0007f000 08:06 3413474                    /lib/x86_64-linux-gnu/libsystemd.so.0.21.0
7f80b2ee9000-7f80b2eea000 rw-p 00082000 08:06 3413474                    /lib/x86_64-linux-gnu/libsystemd.so.0.21.0
7f80b2eea000-7f80b2eeb000 rw-p 00000000 00:00 0 
7f80b2eeb000-7f80b2f17000 r-xp 00000000 08:06 1057536                    /usr/lib/x86_64-linux-gnu/libatspi.so.0.0.1
7f80b2f17000-7f80b3117000 ---p 0002c000 08:06 1057536                    /usr/lib/x86_64-linux-gnu/libatspi.so.0.0.1
7f80b3117000-7f80b311a000 r--p 0002c000 08:06 1057536                    /usr/lib/x86_64-linux-gnu/libatspi.so.0.0.1
7f80b311a000-7f80b311b000 rw-p 0002f000 08:06 1057536                    /usr/lib/x86_64-linux-gnu/libatspi.so.0.0.1
7f80b311b000-7f80b3166000 r-xp 00000000 08:06 3413335                    /lib/x86_64-linux-gnu/libdbus-1.so.3.19.4
7f80b3166000-7f80b3366000 ---p 0004b000 08:06 3413335                    /lib/x86_64-linux-gnu/libdbus-1.so.3.19.4
7f80b3366000-7f80b3367000 r--p 0004b000 08:06 3413335                    /lib/x86_64-linux-gnu/libdbus-1.so.3.19.4
7f80b3367000-7f80b3368000 rw-p 0004c000 08:06 3413335                    /lib/x86_64-linux-gnu/libdbus-1.so.3.19.4
7f80b3368000-7f80b3396000 r-xp 00000000 08:06 1057534                    /usr/lib/x86_64-linux-gnu/libatk-bridge-2.0.so.0.0.0
7f80b3396000-7f80b3596000 ---p 0002e000 08:06 1057534                    /usr/lib/x86_64-linux-gnu/libatk-bridge-2.0.so.0.0.0
7f80b3596000-7f80b3597000 r--p 0002e000 08:06 1057534                    /usr/lib/x86_64-linux-gnu/libatk-bridge-2.0.so.0.0.0
7f80b3597000-7f80b3598000 rw-p 0002f000 08:06 1057534                    /usr/lib/x86_64-linux-gnu/libatk-bridge-2.0.so.0.0.0
7f80b3598000-7f80b3599000 rw-p 00000000 00:00 0 
7f80b3599000-7f80b359a000 r-xp 00000000 08:06 1312894                    /usr/lib/x86_64-linux-gnu/gtk-2.0/modules/libatk-bridge.so
7f80b359a000-7f80b3799000 ---p 00001000 08:06 1312894                    /usr/lib/x86_64-linux-gnu/gtk-2.0/modules/libatk-bridge.so
7f80b3799000-7f80b379a000 r--p 00000000 08:06 1312894                    /usr/lib/x86_64-linux-gnu/gtk-2.0/modules/libatk-bridge.so
7f80b379a000-7f80b379b000 rw-p 00001000 08:06 1312894                    /usr/lib/x86_64-linux-gnu/gtk-2.0/modules/libatk-bridge.so
7f80b379b000-7f80b37a2000 r-xp 00000000 08:06 1057830                    /usr/lib/x86_64-linux-gnu/libgailutil.so.18.0.1
7f80b37a2000-7f80b39a1000 ---p 00007000 08:06 1057830                    /usr/lib/x86_64-linux-gnu/libgailutil.so.18.0.1
7f80b39a1000-7f80b39a2000 r--p 00006000 08:06 1057830                    /usr/lib/x86_64-linux-gnu/libgailutil.so.18.0.1
7f80b39a2000-7f80b39a3000 rw-p 00007000 08:06 1057830                    /usr/lib/x86_64-linux-gnu/libgailutil.so.18.0.1
7f80b39a3000-7f80b39f0000 r-xp 00000000 08:06 1312896                    /usr/lib/x86_64-linux-gnu/gtk-2.0/modules/libgail.so
7f80b39f0000-7f80b3bf0000 ---p 0004d000 08:06 1312896                    /usr/lib/x86_64-linux-gnu/gtk-2.0/modules/libgail.so
7f80b3bf0000-7f80b3bf1000 r--p 0004d000 08:06 1312896                    /usr/lib/x86_64-linux-gnu/gtk-2.0/modules/libgail.so
7f80b3bf1000-7f80b3bf3000 rw-p 0004e000 08:06 1312896                    /usr/lib/x86_64-linux-gnu/gtk-2.0/modules/libgail.so
7f80b3bf3000-7f80b3bf9000 r-xp 00000000 08:06 3413488                    /lib/x86_64-linux-gnu/libuuid.so.1.3.0
7f80b3bf9000-7f80b3df8000 ---p 00006000 08:06 3413488                    /lib/x86_64-linux-gnu/libuuid.so.1.3.0
7f80b3df8000-7f80b3df9000 r--p 00005000 08:06 3413488                    /lib/x86_64-linux-gnu/libuuid.so.1.3.0
7f80b3df9000-7f80b3dfa000 rw-p 00006000 08:06 3413488                    /lib/x86_64-linux-gnu/libuuid.so.1.3.0
7f80b3dfa000-7f80b3e00000 r-xp 00000000 08:06 1057674                    /usr/lib/x86_64-linux-gnu/libdatrie.so.1.3.3
7f80b3e00000-7f80b3fff000 ---p 00006000 08:06 1057674                    /usr/lib/x86_64-linux-gnu/libdatrie.so.1.3.3
7f80b3fff000-7f80b4000000 r--p 00005000 08:06 1057674                    /usr/lib/x86_64-linux-gnu/libdatrie.so.1.3.3
7f80b4000000-7f80b4001000 rw-p 00006000 08:06 1057674                    /usr/lib/x86_64-linux-gnu/libdatrie.so.1.3.3
7f80b4001000-7f80b402c000 r-xp 00000000 08:06 1057931                    /usr/lib/x86_64-linux-gnu/libgraphite2.so.3.0.1
7f80b402c000-7f80b422b000 ---p 0002b000 08:06 1057931                    /usr/lib/x86_64-linux-gnu/libgraphite2.so.3.0.1
7f80b422b000-7f80b422d000 r--p 0002a000 08:06 1057931                    /usr/lib/x86_64-linux-gnu/libgraphite2.so.3.0.1
7f80b422d000-7f80b422e000 rw-p 0002c000 08:06 1057931                    /usr/lib/x86_64-linux-gnu/libgraphite2.so.3.0.1
7f80b422e000-7f80b4275000 r-xp 00000000 08:06 3413312                    /lib/x86_64-linux-gnu/libblkid.so.1.1.0
7f80b4275000-7f80b4475000 ---p 00047000 08:06 3413312                    /lib/x86_64-linux-gnu/libblkid.so.1.1.0
7f80b4475000-7f80b4479000 r--p 00047000 08:06 3413312                    /lib/x86_64-linux-gnu/libblkid.so.1.1.0
7f80b4479000-7f80b447a000 rw-p 0004b000 08:06 3413312                    /lib/x86_64-linux-gnu/libblkid.so.1.1.0
7f80b447a000-7f80b447b000 rw-p 00000000 00:00 0 
7f80b447b000-7f80b4483000 r-xp 00000000 08:06 1058488                    /usr/lib/x86_64-linux-gnu/libthai.so.0.3.0
7f80b4483000-7f80b4682000 ---p 00008000 08:06 1058488                    /usr/lib/x86_64-linux-gnu/libthai.so.0.3.0
7f80b4682000-7f80b4683000 r--p 00007000 08:06 1058488                    /usr/lib/x86_64-linux-gnu/libthai.so.0.3.0
7f80b4683000-7f80b4684000 rw-p 00008000 08:06 1058488                    /usr/lib/x86_64-linux-gnu/libthai.so.0.3.0
7f80b4684000-7f80b4720000 r-xp 00000000 08:06 1058014                    /usr/lib/x86_64-linux-gnu/libharfbuzz.so.0.10702.0
7f80b4720000-7f80b4920000 ---p 0009c000 08:06 1058014                    /usr/lib/x86_64-linux-gnu/libharfbuzz.so.0.10702.0
7f80b4920000-7f80b4921000 r--p 0009c000 08:06 1058014                    /usr/lib/x86_64-linux-gnu/libharfbuzz.so.0.10702.0
7f80b4921000-7f80b4922000 rw-p 0009d000 08:06 1058014                    /usr/lib/x86_64-linux-gnu/libharfbuzz.so.0.10702.0
7f80b4922000-7f80b4992000 r-xp 00000000 08:06 3413442                    /lib/x86_64-linux-gnu/libpcre.so.3.13.3
7f80b4992000-7f80b4b92000 ---p 00070000 08:06 3413442                    /lib/x86_64-linux-gnu/libpcre.so.3.13.3
7f80b4b92000-7f80b4b93000 r--p 00070000 08:06 3413442                    /lib/x86_64-linux-gnu/libpcre.so.3.13.3
7f80b4b93000-7f80b4b94000 rw-p 00071000 08:06 3413442                    /lib/x86_64-linux-gnu/libpcre.so.3.13.3
7f80b4b94000-7f80b4b9b000 r-xp 00000000 08:06 1057788                    /usr/lib/x86_64-linux-gnu/libffi.so.6.0.4
7f80b4b9b000-7f80b4d9a000 ---p 00007000 08:06 1057788                    /usr/lib/x86_64-linux-gnu/libffi.so.6.0.4
7f80b4d9a000-7f80b4d9b000 r--p 00006000 08:06 1057788                    /usr/lib/x86_64-linux-gnu/libffi.so.6.0.4
7f80b4d9b000-7f80b4d9c000 rw-p 00007000 08:06 1057788                    /usr/lib/x86_64-linux-gnu/libffi.so.6.0.4
7f80b4d9c000-7f80b4ded000 r-xp 00000000 08:06 3413389                    /lib/x86_64-linux-gnu/libmount.so.1.1.0
7f80b4ded000-7f80b4fec000 ---p 00051000 08:06 3413389                    /lib/x86_64-linux-gnu/libmount.so.1.1.0
7f80b4fec000-7f80b4fee000 r--p 00050000 08:06 3413389                    /lib/x86_64-linux-gnu/libmount.so.1.1.0
7f80b4fee000-7f80b4fef000 rw-p 00052000 08:06 3413389                    /lib/x86_64-linux-gnu/libmount.so.1.1.0
7f80b4fef000-7f80b4ff0000 rw-p 00000000 00:00 0 
7f80b4ff0000-7f80b5007000 r-xp 00000000 08:06 3413459                    /lib/x86_64-linux-gnu/libresolv-2.27.so
7f80b5007000-7f80b5207000 ---p 00017000 08:06 3413459                    /lib/x86_64-linux-gnu/libresolv-2.27.so
7f80b5207000-7f80b5208000 r--p 00017000 08:06 3413459                    /lib/x86_64-linux-gnu/libresolv-2.27.so
7f80b5208000-7f80b5209000 rw-p 00018000 08:06 3413459                    /lib/x86_64-linux-gnu/libresolv-2.27.so
7f80b5209000-7f80b520b000 rw-p 00000000 00:00 0 
7f80b520b000-7f80b5230000 r-xp 00000000 08:06 3413465                    /lib/x86_64-linux-gnu/libselinux.so.1
7f80b5230000-7f80b542f000 ---p 00025000 08:06 3413465                    /lib/x86_64-linux-gnu/libselinux.so.1
7f80b542f000-7f80b5430000 r--p 00024000 08:06 3413465                    /lib/x86_64-linux-gnu/libselinux.so.1
7f80b5430000-7f80b5431000 rw-p 00025000 08:06 3413465                    /lib/x86_64-linux-gnu/libselinux.so.1
7f80b5431000-7f80b5433000 rw-p 00000000 00:00 0 
7f80b5433000-7f80b543f000 r-xp 00000000 08:06 1058632                    /usr/lib/x86_64-linux-gnu/libxcb-render.so.0.0.0
7f80b543f000-7f80b563e000 ---p 0000c000 08:06 1058632                    /usr/lib/x86_64-linux-gnu/libxcb-render.so.0.0.0
7f80b563e000-7f80b563f000 r--p 0000b000 08:06 1058632                    /usr/lib/x86_64-linux-gnu/libxcb-render.so.0.0.0
7f80b563f000-7f80b5640000 rw-p 0000c000 08:06 1058632                    /usr/lib/x86_64-linux-gnu/libxcb-render.so.0.0.0
7f80b5640000-7f80b5642000 r-xp 00000000 08:06 1058638                    /usr/lib/x86_64-linux-gnu/libxcb-shm.so.0.0.0
7f80b5642000-7f80b5841000 ---p 00002000 08:06 1058638                    /usr/lib/x86_64-linux-gnu/libxcb-shm.so.0.0.0
7f80b5841000-7f80b5842000 r--p 00001000 08:06 1058638                    /usr/lib/x86_64-linux-gnu/libxcb-shm.so.0.0.0
7f80b5842000-7f80b5843000 rw-p 00002000 08:06 1058638                    /usr/lib/x86_64-linux-gnu/libxcb-shm.so.0.0.0
7f80b5843000-7f80b5874000 r-xp 00000000 08:06 1058310                    /usr/lib/x86_64-linux-gnu/libpng16.so.16.34.0
7f80b5874000-7f80b5a73000 ---p 00031000 08:06 1058310                    /usr/lib/x86_64-linux-gnu/libpng16.so.16.34.0
7f80b5a73000-7f80b5a74000 r--p 00030000 08:06 1058310                    /usr/lib/x86_64-linux-gnu/libpng16.so.16.34.0
7f80b5a74000-7f80b5a75000 rw-p 00031000 08:06 1058310                    /usr/lib/x86_64-linux-gnu/libpng16.so.16.34.0
7f80b5a75000-7f80b5b22000 r-xp 00000000 08:06 1057820                    /usr/lib/x86_64-linux-gnu/libfreetype.so.6.15.0
7f80b5b22000-7f80b5d21000 ---p 000ad000 08:06 1057820                    /usr/lib/x86_64-linux-gnu/libfreetype.so.6.15.0
7f80b5d21000-7f80b5d28000 r--p 000ac000 08:06 1057820                    /usr/lib/x86_64-linux-gnu/libfreetype.so.6.15.0
7f80b5d28000-7f80b5d29000 rw-p 000b3000 08:06 1057820                    /usr/lib/x86_64-linux-gnu/libfreetype.so.6.15.0
7f80b5d29000-7f80b5dc6000 r-xp 00000000 08:06 1058304                    /usr/lib/x86_64-linux-gnu/libpixman-1.so.0.34.0
7f80b5dc6000-7f80b5fc5000 ---p 0009d000 08:06 1058304                    /usr/lib/x86_64-linux-gnu/libpixman-1.so.0.34.0
7f80b5fc5000-7f80b5fcd000 r--p 0009c000 08:06 1058304                    /usr/lib/x86_64-linux-gnu/libpixman-1.so.0.34.0
7f80b5fcd000-7f80b5fce000 rw-p 000a4000 08:06 1058304                    /usr/lib/x86_64-linux-gnu/libpixman-1.so.0.34.0
7f80b5fce000-7f80b5fd0000 r-xp 00000000 08:06 1057451                    /usr/lib/x86_64-linux-gnu/libXcomposite.so.1.0.0
7f80b5fd0000-7f80b61cf000 ---p 00002000 08:06 1057451                    /usr/lib/x86_64-linux-gnu/libXcomposite.so.1.0.0
7f80b61cf000-7f80b61d0000 r--p 00001000 08:06 1057451                    /usr/lib/x86_64-linux-gnu/libXcomposite.so.1.0.0
7f80b61d0000-7f80b61d1000 rw-p 00002000 08:06 1057451                    /usr/lib/x86_64-linux-gnu/libXcomposite.so.1.0.0
7f80b61d1000-7f80b61da000 r-xp 00000000 08:06 1057453                    /usr/lib/x86_64-linux-gnu/libXcursor.so.1.0.2
7f80b61da000-7f80b63d9000 ---p 00009000 08:06 1057453                    /usr/lib/x86_64-linux-gnu/libXcursor.so.1.0.2
7f80b63d9000-7f80b63da000 r--p 00008000 08:06 1057453                    /usr/lib/x86_64-linux-gnu/libXcursor.so.1.0.2
7f80b63da000-7f80b63db000 rw-p 00009000 08:06 1057453                    /usr/lib/x86_64-linux-gnu/libXcursor.so.1.0.2
7f80b63db000-7f80b63e5000 r-xp 00000000 08:06 1057477                    /usr/lib/x86_64-linux-gnu/libXrandr.so.2.2.0
7f80b63e5000-7f80b65e4000 ---p 0000a000 08:06 1057477                    /usr/lib/x86_64-linux-gnu/libXrandr.so.2.2.0
7f80b65e4000-7f80b65e5000 r--p 00009000 08:06 1057477                    /usr/lib/x86_64-linux-gnu/libXrandr.so.2.2.0
7f80b65e5000-7f80b65e6000 rw-p 0000a000 08:06 1057477                    /usr/lib/x86_64-linux-gnu/libXrandr.so.2.2.0
7f80b65e6000-7f80b65f5000 r-xp 00000000 08:06 1057467                    /usr/lib/x86_64-linux-gnu/libXi.so.6.1.0
7f80b65f5000-7f80b67f4000 ---p 0000f000 08:06 1057467                    /usr/lib/x86_64-linux-gnu/libXi.so.6.1.0
7f80b67f4000-7f80b67f5000 r--p 0000e000 08:06 1057467                    /usr/lib/x86_64-linux-gnu/libXi.so.6.1.0
7f80b67f5000-7f80b67f6000 rw-p 0000f000 08:06 1057467                    /usr/lib/x86_64-linux-gnu/libXi.so.6.1.0
7f80b67f6000-7f80b67f8000 r-xp 00000000 08:06 1057469                    /usr/lib/x86_64-linux-gnu/libXinerama.so.1.0.0
7f80b67f8000-7f80b69f7000 ---p 00002000 08:06 1057469                    /usr/lib/x86_64-linux-gnu/libXinerama.so.1.0.0
7f80b69f7000-7f80b69f8000 r--p 00001000 08:06 1057469                    /usr/lib/x86_64-linux-gnu/libXinerama.so.1.0.0
7f80b69f8000-7f80b69f9000 rw-p 00002000 08:06 1057469                    /usr/lib/x86_64-linux-gnu/libXinerama.so.1.0.0
7f80b69f9000-7f80b6a02000 r-xp 00000000 08:06 1057479                    /usr/lib/x86_64-linux-gnu/libXrender.so.1.3.0
7f80b6a02000-7f80b6c01000 ---p 00009000 08:06 1057479                    /usr/lib/x86_64-linux-gnu/libXrender.so.1.3.0
7f80b6c01000-7f80b6c02000 r--p 00008000 08:06 1057479                    /usr/lib/x86_64-linux-gnu/libXrender.so.1.3.0
7f80b6c02000-7f80b6c03000 rw-p 00009000 08:06 1057479                    /usr/lib/x86_64-linux-gnu/libXrender.so.1.3.0
7f80b6c03000-7f80b6c41000 r-xp 00000000 08:06 1057802                    /usr/lib/x86_64-linux-gnu/libfontconfig.so.1.10.1
7f80b6c41000-7f80b6e41000 ---p 0003e000 08:06 1057802                    /usr/lib/x86_64-linux-gnu/libfontconfig.so.1.10.1
7f80b6e41000-7f80b6e43000 r--p 0003e000 08:06 1057802                    /usr/lib/x86_64-linux-gnu/libfontconfig.so.1.10.1
7f80b6e43000-7f80b6e48000 rw-p 00040000 08:06 1057802                    /usr/lib/x86_64-linux-gnu/libfontconfig.so.1.10.1
7f80b6e48000-7f80b6e92000 r-xp 00000000 08:06 1048813                    /usr/lib/x86_64-linux-gnu/libpango-1.0.so.0.4000.14
7f80b6e92000-7f80b7091000 ---p 0004a000 08:06 1048813                    /usr/lib/x86_64-linux-gnu/libpango-1.0.so.0.4000.14
7f80b7091000-7f80b7094000 r--p 00049000 08:06 1048813                    /usr/lib/x86_64-linux-gnu/libpango-1.0.so.0.4000.14
7f80b7094000-7f80b7095000 rw-p 0004c000 08:06 1048813                    /usr/lib/x86_64-linux-gnu/libpango-1.0.so.0.4000.14
7f80b7095000-7f80b70a9000 r-xp 00000000 08:06 1057031                    /usr/lib/x86_64-linux-gnu/libpangoft2-1.0.so.0.4000.14
7f80b70a9000-7f80b72a9000 ---p 00014000 08:06 1057031                    /usr/lib/x86_64-linux-gnu/libpangoft2-1.0.so.0.4000.14
7f80b72a9000-7f80b72aa000 r--p 00014000 08:06 1057031                    /usr/lib/x86_64-linux-gnu/libpangoft2-1.0.so.0.4000.14
7f80b72aa000-7f80b72ab000 rw-p 00015000 08:06 1057031                    /usr/lib/x86_64-linux-gnu/libpangoft2-1.0.so.0.4000.14
7f80b72ab000-7f80b72cd000 r-xp 00000000 08:06 1057532                    /usr/lib/x86_64-linux-gnu/libatk-1.0.so.0.22810.1
7f80b72cd000-7f80b74cd000 ---p 00022000 08:06 1057532                    /usr/lib/x86_64-linux-gnu/libatk-1.0.so.0.22810.1
7f80b74cd000-7f80b74d0000 r--p 00022000 08:06 1057532                    /usr/lib/x86_64-linux-gnu/libatk-1.0.so.0.22810.1
7f80b74d0000-7f80b74d1000 rw-p 00025000 08:06 1057532                    /usr/lib/x86_64-linux-gnu/libatk-1.0.so.0.22810.1
7f80b74d1000-7f80b74dd000 r-xp 00000000 08:06 1057033                    /usr/lib/x86_64-linux-gnu/libpangocairo-1.0.so.0.4000.14
7f80b74dd000-7f80b76dc000 ---p 0000c000 08:06 1057033                    /usr/lib/x86_64-linux-gnu/libpangocairo-1.0.so.0.4000.14
7f80b76dc000-7f80b76dd000 r--p 0000b000 08:06 1057033                    /usr/lib/x86_64-linux-gnu/libpangocairo-1.0.so.0.4000.14
7f80b76dd000-7f80b76de000 rw-p 0000c000 08:06 1057033                    /usr/lib/x86_64-linux-gnu/libpangocairo-1.0.so.0.4000.14
7f80b76de000-7f80b76e1000 r-xp 00000000 08:06 1048942                    /usr/lib/x86_64-linux-gnu/libgmodule-2.0.so.0.5600.2
7f80b76e1000-7f80b78e0000 ---p 00003000 08:06 1048942                    /usr/lib/x86_64-linux-gnu/libgmodule-2.0.so.0.5600.2
7f80b78e0000-7f80b78e1000 r--p 00002000 08:06 1048942                    /usr/lib/x86_64-linux-gnu/libgmodule-2.0.so.0.5600.2
7f80b78e1000-7f80b78e2000 rw-p 00003000 08:06 1048942                    /usr/lib/x86_64-linux-gnu/libgmodule-2.0.so.0.5600.2
7f80b78e2000-7f80b78e7000 r-xp 00000000 08:06 1057485                    /usr/lib/x86_64-linux-gnu/libXtst.so.6.1.0
7f80b78e7000-7f80b7ae6000 ---p 00005000 08:06 1057485                    /usr/lib/x86_64-linux-gnu/libXtst.so.6.1.0
7f80b7ae6000-7f80b7ae7000 r--p 00004000 08:06 1057485                    /usr/lib/x86_64-linux-gnu/libXtst.so.6.1.0
7f80b7ae7000-7f80b7ae8000 rw-p 00005000 08:06 1057485                    /usr/lib/x86_64-linux-gnu/libXtst.so.6.1.0
7f80b7ae8000-7f80b7bfb000 r-xp 00000000 08:06 1048919                    /usr/lib/x86_64-linux-gnu/libglib-2.0.so.0.5600.2
7f80b7bfb000-7f80b7dfb000 ---p 00113000 08:06 1048919                    /usr/lib/x86_64-linux-gnu/libglib-2.0.so.0.5600.2
7f80b7dfb000-7f80b7dfc000 r--p 00113000 08:06 1048919                    /usr/lib/x86_64-linux-gnu/libglib-2.0.so.0.5600.2
7f80b7dfc000-7f80b7dfd000 rw-p 00114000 08:06 1048919                    /usr/lib/x86_64-linux-gnu/libglib-2.0.so.0.5600.2
7f80b7dfd000-7f80b7dfe000 rw-p 00000000 00:00 0 
7f80b7dfe000-7f80b7dff000 r-xp 00000000 08:06 1048948                    /usr/lib/x86_64-linux-gnu/libgthread-2.0.so.0.5600.2
7f80b7dff000-7f80b7ffe000 ---p 00001000 08:06 1048948                    /usr/lib/x86_64-linux-gnu/libgthread-2.0.so.0.5600.2
7f80b7ffe000-7f80b7fff000 r--p 00000000 08:06 1048948                    /usr/lib/x86_64-linux-gnu/libgthread-2.0.so.0.5600.2
7f80b7fff000-7f80b8000000 rw-p 00001000 08:06 1048948                    /usr/lib/x86_64-linux-gnu/libgthread-2.0.so.0.5600.2
7f80b8000000-7f80b9ee1000 rw-p 00000000 00:00 0 
7f80b9ee1000-7f80bc000000 ---p 00000000 00:00 0 
7f80bc01e000-7f80bc023000 rw-s 00000000 00:19 1565                       /i915 (deleted)
7f80bc023000-7f80bc024000 rw-s 00000000 00:19 1553                       /i915 (deleted)
7f80bc024000-7f80bc034000 rw-s 00000000 00:19 1556                       /i915 (deleted)
7f80bc034000-7f80bc044000 rw-s 00000000 00:19 1544                       /i915 (deleted)
7f80bc044000-7f80bc048000 rw-s 00000000 00:19 1543                       /i915 (deleted)
7f80bc048000-7f80bc058000 rw-s 00000000 00:19 1511                       /i915 (deleted)
7f80bc058000-7f80bc064000 rw-s 00000000 00:19 1429                       /i915 (deleted)
7f80bc064000-7f80bc067000 ---p 00000000 00:00 0 
7f80bc067000-7f80bc165000 rw-p 00000000 00:00 0 
7f80bc165000-7f80bc1b7000 r-xp 00000000 08:06 1048943                    /usr/lib/x86_64-linux-gnu/libgobject-2.0.so.0.5600.2
7f80bc1b7000-7f80bc3b7000 ---p 00052000 08:06 1048943                    /usr/lib/x86_64-linux-gnu/libgobject-2.0.so.0.5600.2
7f80bc3b7000-7f80bc3b8000 r--p 00052000 08:06 1048943                    /usr/lib/x86_64-linux-gnu/libgobject-2.0.so.0.5600.2
7f80bc3b8000-7f80bc3b9000 rw-p 00053000 08:06 1048943                    /usr/lib/x86_64-linux-gnu/libgobject-2.0.so.0.5600.2
7f80bc3b9000-7f80bc54e000 r-xp 00000000 08:06 1048911                    /usr/lib/x86_64-linux-gnu/libgio-2.0.so.0.5600.2
7f80bc54e000-7f80bc74e000 ---p 00195000 08:06 1048911                    /usr/lib/x86_64-linux-gnu/libgio-2.0.so.0.5600.2
7f80bc74e000-7f80bc755000 r--p 00195000 08:06 1048911                    /usr/lib/x86_64-linux-gnu/libgio-2.0.so.0.5600.2
7f80bc755000-7f80bc756000 rw-p 0019c000 08:06 1048911                    /usr/lib/x86_64-linux-gnu/libgio-2.0.so.0.5600.2
7f80bc756000-7f80bc758000 rw-p 00000000 00:00 0 
7f80bc758000-7f80bc77a000 r-xp 00000000 08:06 1057858                    /usr/lib/x86_64-linux-gnu/libgdk_pixbuf-2.0.so.0.3611.0
7f80bc77a000-7f80bc97a000 ---p 00022000 08:06 1057858                    /usr/lib/x86_64-linux-gnu/libgdk_pixbuf-2.0.so.0.3611.0
7f80bc97a000-7f80bc97b000 r--p 00022000 08:06 1057858                    /usr/lib/x86_64-linux-gnu/libgdk_pixbuf-2.0.so.0.3611.0
7f80bc97b000-7f80bc97c000 rw-p 00023000 08:06 1057858                    /usr/lib/x86_64-linux-gnu/libgdk_pixbuf-2.0.so.0.3611.0
7f80bc97c000-7f80bca94000 r-xp 00000000 08:06 1057597                    /usr/lib/x86_64-linux-gnu/libcairo.so.2.11510.0
7f80bca94000-7f80bcc93000 ---p 00118000 08:06 1057597                    /usr/lib/x86_64-linux-gnu/libcairo.so.2.11510.0
7f80bcc93000-7f80bcc96000 r--p 00117000 08:06 1057597                    /usr/lib/x86_64-linux-gnu/libcairo.so.2.11510.0
7f80bcc96000-7f80bcc98000 rw-p 0011a000 08:06 1057597                    /usr/lib/x86_64-linux-gnu/libcairo.so.2.11510.0
7f80bcc98000-7f80bcc99000 rw-p 00000000 00:00 0 
7f80bcc99000-7f80bcd49000 r-xp 00000000 08:06 1057856                    /usr/lib/x86_64-linux-gnu/libgdk-x11-2.0.so.0.2400.32
7f80bcd49000-7f80bcf48000 ---p 000b0000 08:06 1057856                    /usr/lib/x86_64-linux-gnu/libgdk-x11-2.0.so.0.2400.32
7f80bcf48000-7f80bcf4c000 r--p 000af000 08:06 1057856                    /usr/lib/x86_64-linux-gnu/libgdk-x11-2.0.so.0.2400.32
7f80bcf4c000-7f80bcf4e000 rw-p 000b3000 08:06 1057856                    /usr/lib/x86_64-linux-gnu/libgdk-x11-2.0.so.0.2400.32
7f80bcf4e000-7f80bd383000 r-xp 00000000 08:06 1057989                    /usr/lib/x86_64-linux-gnu/libgtk-x11-2.0.so.0.2400.32
7f80bd383000-7f80bd582000 ---p 00435000 08:06 1057989                    /usr/lib/x86_64-linux-gnu/libgtk-x11-2.0.so.0.2400.32
7f80bd582000-7f80bd589000 r--p 00434000 08:06 1057989                    /usr/lib/x86_64-linux-gnu/libgtk-x11-2.0.so.0.2400.32
7f80bd589000-7f80bd58d000 rw-p 0043b000 08:06 1057989                    /usr/lib/x86_64-linux-gnu/libgtk-x11-2.0.so.0.2400.32
7f80bd58d000-7f80bd590000 rw-p 00000000 00:00 0 
7f80bd590000-7f80bd5b8000 r-xp 00000000 08:06 1320131                    /usr/lib/jvm/java-8-openjdk-amd64/jre/lib/amd64/libglass.so
7f80bd5b8000-7f80bd7b8000 ---p 00028000 08:06 1320131                    /usr/lib/jvm/java-8-openjdk-amd64/jre/lib/amd64/libglass.so
7f80bd7b8000-7f80bd7b9000 r--p 00028000 08:06 1320131                    /usr/lib/jvm/java-8-openjdk-amd64/jre/lib/amd64/libglass.so
7f80bd7b9000-7f80bd7ba000 rw-p 00029000 08:06 1320131                    /usr/lib/jvm/java-8-openjdk-amd64/jre/lib/amd64/libglass.so
7f80bd7ba000-7f80bd7c2000 r-xp 00000000 08:06 1058286                    /usr/lib/x86_64-linux-gnu/libpciaccess.so.0.11.1
7f80bd7c2000-7f80bd9c1000 ---p 00008000 08:06 1058286                    /usr/lib/x86_64-linux-gnu/libpciaccess.so.0.11.1
7f80bd9c1000-7f80bd9c2000 r--p 00007000 08:06 1058286                    /usr/lib/x86_64-linux-gnu/libpciaccess.so.0.11.1
7f80bd9c2000-7f80bd9c3000 rw-p 00008000 08:06 1058286                    /usr/lib/x86_64-linux-gnu/libpciaccess.so.0.11.1
7f80bd9c3000-7f80bd9ce000 r-xp 00000000 08:06 1057720                    /usr/lib/x86_64-linux-gnu/libdrm_radeon.so.1.0.1
7f80bd9ce000-7f80bdbcd000 ---p 0000b000 08:06 1057720                    /usr/lib/x86_64-linux-gnu/libdrm_radeon.so.1.0.1
7f80bdbcd000-7f80bdbce000 r--p 0000a000 08:06 1057720                    /usr/lib/x86_64-linux-gnu/libdrm_radeon.so.1.0.1
7f80bdbce000-7f80bdbcf000 rw-p 0000b000 08:06 1057720                    /usr/lib/x86_64-linux-gnu/libdrm_radeon.so.1.0.1
7f80bdbcf000-7f80bdbd6000 r-xp 00000000 08:06 1057718                    /usr/lib/x86_64-linux-gnu/libdrm_nouveau.so.2.0.0
7f80bdbd6000-7f80bddd5000 ---p 00007000 08:06 1057718                    /usr/lib/x86_64-linux-gnu/libdrm_nouveau.so.2.0.0
7f80bddd5000-7f80bddd6000 r--p 00006000 08:06 1057718                    /usr/lib/x86_64-linux-gnu/libdrm_nouveau.so.2.0.0
7f80bddd6000-7f80bddd7000 rw-p 00007000 08:06 1057718                    /usr/lib/x86_64-linux-gnu/libdrm_nouveau.so.2.0.0
7f80bddd7000-7f80bddf9000 r-xp 00000000 08:06 1057716                    /usr/lib/x86_64-linux-gnu/libdrm_intel.so.1.0.0
7f80bddf9000-7f80bdff8000 ---p 00022000 08:06 1057716                    /usr/lib/x86_64-linux-gnu/libdrm_intel.so.1.0.0
7f80bdff8000-7f80bdff9000 r--p 00021000 08:06 1057716                    /usr/lib/x86_64-linux-gnu/libdrm_intel.so.1.0.0
7f80bdff9000-7f80bdffa000 rw-p 00022000 08:06 1057716                    /usr/lib/x86_64-linux-gnu/libdrm_intel.so.1.0.0
7f80bdffa000-7f80be879000 r-xp 00000000 08:06 1311779                    /usr/lib/x86_64-linux-gnu/dri/i965_dri.so
7f80be879000-7f80bea79000 ---p 0087f000 08:06 1311779                    /usr/lib/x86_64-linux-gnu/dri/i965_dri.so
7f80bea79000-7f80beac9000 r--p 0087f000 08:06 1311779                    /usr/lib/x86_64-linux-gnu/dri/i965_dri.so
7f80beac9000-7f80bead4000 rw-p 008cf000 08:06 1311779                    /usr/lib/x86_64-linux-gnu/dri/i965_dri.so
7f80bead4000-7f80beb79000 rw-p 00000000 00:00 0 
7f80beb79000-7f80beb89000 r-xp 00000000 08:06 1057712                    /usr/lib/x86_64-linux-gnu/libdrm.so.2.4.0
7f80beb89000-7f80bed88000 ---p 00010000 08:06 1057712                    /usr/lib/x86_64-linux-gnu/libdrm.so.2.4.0
7f80bed88000-7f80bed89000 r--p 0000f000 08:06 1057712                    /usr/lib/x86_64-linux-gnu/libdrm.so.2.4.0
7f80bed89000-7f80bed8a000 rw-p 00010000 08:06 1057712                    /usr/lib/x86_64-linux-gnu/libdrm.so.2.4.0
7f80bed8a000-7f80bed8f000 r-xp 00000000 08:06 1057495                    /usr/lib/x86_64-linux-gnu/libXxf86vm.so.1.0.0
7f80bed8f000-7f80bef8e000 ---p 00005000 08:06 1057495                    /usr/lib/x86_64-linux-gnu/libXxf86vm.so.1.0.0
7f80bef8e000-7f80bef8f000 r--p 00004000 08:06 1057495                    /usr/lib/x86_64-linux-gnu/libXxf86vm.so.1.0.0
7f80bef8f000-7f80bef90000 rw-p 00005000 08:06 1057495                    /usr/lib/x86_64-linux-gnu/libXxf86vm.so.1.0.0
7f80bef90000-7f80bef94000 r-xp 00000000 08:06 1058614                    /usr/lib/x86_64-linux-gnu/libxcb-dri2.so.0.0.0
7f80bef94000-7f80bf193000 ---p 00004000 08:06 1058614                    /usr/lib/x86_64-linux-gnu/libxcb-dri2.so.0.0.0
7f80bf193000-7f80bf194000 r--p 00003000 08:06 1058614                    /usr/lib/x86_64-linux-gnu/libxcb-dri2.so.0.0.0
7f80bf194000-7f80bf195000 rw-p 00004000 08:06 1058614                    /usr/lib/x86_64-linux-gnu/libxcb-dri2.so.0.0.0
7f80bf195000-7f80bf1ad000 r-xp 00000000 08:06 1058618                    /usr/lib/x86_64-linux-gnu/libxcb-glx.so.0.0.0
7f80bf1ad000-7f80bf3ad000 ---p 00018000 08:06 1058618                    /usr/lib/x86_64-linux-gnu/libxcb-glx.so.0.0.0
7f80bf3ad000-7f80bf3af000 r--p 00018000 08:06 1058618                    /usr/lib/x86_64-linux-gnu/libxcb-glx.so.0.0.0
7f80bf3af000-7f80bf3b0000 rw-p 0001a000 08:06 1058618                    /usr/lib/x86_64-linux-gnu/libxcb-glx.so.0.0.0
7f80bf3b0000-7f80bf3b1000 r-xp 00000000 08:06 1057598                    /usr/lib/x86_64-linux-gnu/libX11-xcb.so.1.0.0
7f80bf3b1000-7f80bf5b0000 ---p 00001000 08:06 1057598                    /usr/lib/x86_64-linux-gnu/libX11-xcb.so.1.0.0
7f80bf5b0000-7f80bf5b1000 r--p 00000000 08:06 1057598                    /usr/lib/x86_64-linux-gnu/libX11-xcb.so.1.0.0
7f80bf5b1000-7f80bf5b2000 rw-p 00001000 08:06 1057598                    /usr/lib/x86_64-linux-gnu/libX11-xcb.so.1.0.0
7f80bf5b2000-7f80bf5b7000 r-xp 00000000 08:06 1057461                    /usr/lib/x86_64-linux-gnu/libXfixes.so.3.1.0
7f80bf5b7000-7f80bf7b6000 ---p 00005000 08:06 1057461                    /usr/lib/x86_64-linux-gnu/libXfixes.so.3.1.0
7f80bf7b6000-7f80bf7b7000 r--p 00004000 08:06 1057461                    /usr/lib/x86_64-linux-gnu/libXfixes.so.3.1.0
7f80bf7b7000-7f80bf7b8000 rw-p 00005000 08:06 1057461                    /usr/lib/x86_64-linux-gnu/libXfixes.so.3.1.0
7f80bf7b8000-7f80bf7ba000 r-xp 00000000 08:06 1057455                    /usr/lib/x86_64-linux-gnu/libXdamage.so.1.1.0
7f80bf7ba000-7f80bf9b9000 ---p 00002000 08:06 1057455                    /usr/lib/x86_64-linux-gnu/libXdamage.so.1.1.0
7f80bf9b9000-7f80bf9ba000 r--p 00001000 08:06 1057455                    /usr/lib/x86_64-linux-gnu/libXdamage.so.1.1.0
7f80bf9ba000-7f80bf9bb000 rw-p 00002000 08:06 1057455                    /usr/lib/x86_64-linux-gnu/libXdamage.so.1.1.0
7f80bf9bb000-7f80bf9cc000 r-xp 00000000 08:06 1057459                    /usr/lib/x86_64-linux-gnu/libXext.so.6.4.0
7f80bf9cc000-7f80bfbcb000 ---p 00011000 08:06 1057459                    /usr/lib/x86_64-linux-gnu/libXext.so.6.4.0
7f80bfbcb000-7f80bfbcc000 r--p 00010000 08:06 1057459                    /usr/lib/x86_64-linux-gnu/libXext.so.6.4.0
7f80bfbcc000-7f80bfbcd000 rw-p 00011000 08:06 1057459                    /usr/lib/x86_64-linux-gnu/libXext.so.6.4.0
7f80bfbcd000-7f80bfbf9000 r-xp 00000000 08:06 1057880                    /usr/lib/x86_64-linux-gnu/libglapi.so.0.0.0
7f80bfbf9000-7f80bfdf8000 ---p 0002c000 08:06 1057880                    /usr/lib/x86_64-linux-gnu/libglapi.so.0.0.0
7f80bfdf8000-7f80bfdfc000 r--p 0002b000 08:06 1057880                    /usr/lib/x86_64-linux-gnu/libglapi.so.0.0.0
7f80bfdfc000-7f80bfdfd000 rw-p 0002f000 08:06 1057880                    /usr/lib/x86_64-linux-gnu/libglapi.so.0.0.0
7f80bfdfd000-7f80bfdfe000 rw-p 00000000 00:00 0 
7f80bfdfe000-7f80bfdff000 r-xp 00000000 08:06 1058666                    /usr/lib/x86_64-linux-gnu/libxshmfence.so.1.0.0
7f80bfdff000-7f80bfffe000 ---p 00001000 08:06 1058666                    /usr/lib/x86_64-linux-gnu/libxshmfence.so.1.0.0
7f80bfffe000-7f80bffff000 r--p 00000000 08:06 1058666                    /usr/lib/x86_64-linux-gnu/libxshmfence.so.1.0.0
7f80bffff000-7f80c0000000 rw-p 00001000 08:06 1058666                    /usr/lib/x86_64-linux-gnu/libxshmfence.so.1.0.0
7f80c0000000-7f80c0021000 rw-p 00000000 00:00 0 
7f80c0021000-7f80c4000000 ---p 00000000 00:00 0 
7f80c4000000-7f80c4021000 rw-p 00000000 00:00 0 
7f80c4021000-7f80c8000000 ---p 00000000 00:00 0 
7f80c8000000-7f80c82ad000 rw-p 00000000 00:00 0 
7f80c82ad000-7f80cc000000 ---p 00000000 00:00 0 
7f80cc000000-7f80cc38b000 rw-p 00000000 00:00 0 
7f80cc38b000-7f80d0000000 ---p 00000000 00:00 0 
7f80d0000000-7f80d0360000 rw-p 00000000 00:00 0 
7f80d0360000-7f80d4000000 ---p 00000000 00:00 0 
7f80d4000000-7f80d4005000 rw-s 00000000 00:19 1542                       /i915 (deleted)
7f80d4005000-7f80d400a000 r--s 0009d000 08:06 1320097                    /usr/lib/jvm/java-8-openjdk-amd64/jre/lib/jsse.jar
7f80d400a000-7f80d4015000 r--s 00000000 08:06 1709237                    /var/cache/fontconfig/945677eb7aeaf62f1d50efc3fb3ec7d8-le64.cache-7
7f80d4015000-7f80d401a000 r--s 00000000 08:06 1709208                    /var/cache/fontconfig/2300eef321c393bfd76478a5c0e95b23-le64.cache-7
7f80d401a000-7f80d402f000 r--s 00000000 08:06 1709197                    /var/cache/fontconfig/04aabc0a78ac019cf9454389977116d2-le64.cache-7
7f80d402f000-7f80d4032000 ---p 00000000 00:00 0 
7f80d4032000-7f80d4130000 rw-p 00000000 00:00 0 
7f80d4130000-7f80d4135000 r-xp 00000000 08:06 1058640                    /usr/lib/x86_64-linux-gnu/libxcb-sync.so.1.0.0
7f80d4135000-7f80d4335000 ---p 00005000 08:06 1058640                    /usr/lib/x86_64-linux-gnu/libxcb-sync.so.1.0.0
7f80d4335000-7f80d4336000 r--p 00005000 08:06 1058640                    /usr/lib/x86_64-linux-gnu/libxcb-sync.so.1.0.0
7f80d4336000-7f80d4337000 rw-p 00006000 08:06 1058640                    /usr/lib/x86_64-linux-gnu/libxcb-sync.so.1.0.0
7f80d4337000-7f80d4339000 r-xp 00000000 08:06 1058626                    /usr/lib/x86_64-linux-gnu/libxcb-present.so.0.0.0
7f80d4339000-7f80d4538000 ---p 00002000 08:06 1058626                    /usr/lib/x86_64-linux-gnu/libxcb-present.so.0.0.0
7f80d4538000-7f80d4539000 r--p 00001000 08:06 1058626                    /usr/lib/x86_64-linux-gnu/libxcb-present.so.0.0.0
7f80d4539000-7f80d453a000 rw-p 00002000 08:06 1058626                    /usr/lib/x86_64-linux-gnu/libxcb-present.so.0.0.0
7f80d453a000-7f80d453d000 r-xp 00000000 08:06 1058616                    /usr/lib/x86_64-linux-gnu/libxcb-dri3.so.0.0.0
7f80d453d000-7f80d473c000 ---p 00003000 08:06 1058616                    /usr/lib/x86_64-linux-gnu/libxcb-dri3.so.0.0.0
7f80d473c000-7f80d473d000 r--p 00002000 08:06 1058616                    /usr/lib/x86_64-linux-gnu/libxcb-dri3.so.0.0.0
7f80d473d000-7f80d473e000 rw-p 00003000 08:06 1058616                    /usr/lib/x86_64-linux-gnu/libxcb-dri3.so.0.0.0
7f80d473e000-7f80d476d000 r-xp 00000000 08:06 3413350                    /lib/x86_64-linux-gnu/libexpat.so.1.6.7
7f80d476d000-7f80d496d000 ---p 0002f000 08:06 3413350                    /lib/x86_64-linux-gnu/libexpat.so.1.6.7
7f80d496d000-7f80d496f000 r--p 0002f000 08:06 3413350                    /lib/x86_64-linux-gnu/libexpat.so.1.6.7
7f80d496f000-7f80d4970000 rw-p 00031000 08:06 3413350                    /lib/x86_64-linux-gnu/libexpat.so.1.6.7
7f80d4970000-7f80d49e0000 r-xp 00000000 08:06 1057406                    /usr/lib/x86_64-linux-gnu/libGLX_mesa.so.0.0.0
7f80d49e0000-7f80d4bdf000 ---p 00070000 08:06 1057406                    /usr/lib/x86_64-linux-gnu/libGLX_mesa.so.0.0.0
7f80d4bdf000-7f80d4be2000 r--p 0006f000 08:06 1057406                    /usr/lib/x86_64-linux-gnu/libGLX_mesa.so.0.0.0
7f80d4be2000-7f80d4be3000 rw-p 00072000 08:06 1057406                    /usr/lib/x86_64-linux-gnu/libGLX_mesa.so.0.0.0
7f80d4be3000-7f80d4be4000 rw-p 00000000 00:00 0 
7f80d4be4000-7f80d4bf7000 r-xp 00000000 08:06 3413316                    /lib/x86_64-linux-gnu/libbsd.so.0.8.7
7f80d4bf7000-7f80d4df6000 ---p 00013000 08:06 3413316                    /lib/x86_64-linux-gnu/libbsd.so.0.8.7
7f80d4df6000-7f80d4df7000 r--p 00012000 08:06 3413316                    /lib/x86_64-linux-gnu/libbsd.so.0.8.7
7f80d4df7000-7f80d4df8000 rw-p 00013000 08:06 3413316                    /lib/x86_64-linux-gnu/libbsd.so.0.8.7
7f80d4df8000-7f80d4df9000 rw-p 00000000 00:00 0 
7f80d4df9000-7f80d4dfe000 r-xp 00000000 08:06 1057457                    /usr/lib/x86_64-linux-gnu/libXdmcp.so.6.0.0
7f80d4dfe000-7f80d4ffd000 ---p 00005000 08:06 1057457                    /usr/lib/x86_64-linux-gnu/libXdmcp.so.6.0.0
7f80d4ffd000-7f80d4ffe000 r--p 00004000 08:06 1057457                    /usr/lib/x86_64-linux-gnu/libXdmcp.so.6.0.0
7f80d4ffe000-7f80d4fff000 rw-p 00005000 08:06 1057457                    /usr/lib/x86_64-linux-gnu/libXdmcp.so.6.0.0
7f80d4fff000-7f80d8000000 rw-p 00000000 00:00 0 
7f80d8000000-7f80d8021000 rw-p 00000000 00:00 0 
7f80d8021000-7f80dc000000 ---p 00000000 00:00 0 
7f80dc000000-7f80dc021000 rw-p 00000000 00:00 0 
7f80dc021000-7f80e0000000 ---p 00000000 00:00 0 
7f80e0000000-7f80e0021000 rw-p 00000000 00:00 0 
7f80e0021000-7f80e4000000 ---p 00000000 00:00 0 
7f80e4000000-7f80e4021000 rw-p 00000000 00:00 0 
7f80e4021000-7f80e8000000 ---p 00000000 00:00 0 
7f80e8000000-7f80e8021000 rw-p 00000000 00:00 0 
7f80e8021000-7f80ec000000 ---p 00000000 00:00 0 
7f80ec001000-7f80ec002000 r--s 00000000 08:06 1709201                    /var/cache/fontconfig/0d8c3b2ac0904cb8a57a757ad11a4a08-le64.cache-7
7f80ec002000-7f80ec003000 r--s 00000000 08:06 1709205                    /var/cache/fontconfig/1ac9eb803944fde146138c791f5cc56a-le64.cache-7
7f80ec003000-7f80ec004000 r--s 00000000 08:06 1709256                    /var/cache/fontconfig/dc05db6664285cc2f12bf69c139ae4c3-le64.cache-7
7f80ec004000-7f80ec006000 r--s 00000000 08:06 1709202                    /var/cache/fontconfig/14a5e22175779b556eaa434240950366-le64.cache-7
7f80ec006000-7f80ec007000 r--s 00000000 08:06 1709229                    /var/cache/fontconfig/660208299946a285a940457d1287da33-le64.cache-7
7f80ec007000-7f80ec009000 r--s 00000000 08:06 1709220                    /var/cache/fontconfig/4f3e3037c9980c83b53a9351efadef62-le64.cache-7
7f80ec009000-7f80ec00b000 r--s 00000000 08:06 1709234                    /var/cache/fontconfig/767a8244fc0220cfb567a839d0392e0b-le64.cache-7
7f80ec00b000-7f80ec00c000 r--s 00000000 08:06 1710794                    /var/cache/fontconfig/4794a0821666d79190d59a36cb4f44b5-le64.cache-7
7f80ec00c000-7f80ec00e000 r--s 00000000 08:06 1709199                    /var/cache/fontconfig/0bd3dc0958fa2205aaaa8ebb13e2872b-le64.cache-7
7f80ec00e000-7f80ec013000 r--s 00000000 08:06 1709257                    /var/cache/fontconfig/def309198bfa603429122923fa2bb2d4-le64.cache-7
7f80ec013000-7f80ec014000 r--s 00000000 08:06 1709245                    /var/cache/fontconfig/b872e6e592da6075ffa4ab0a1fcc0c75-le64.cache-7
7f80ec014000-7f80ec015000 r--s 00000000 08:06 1709262                    /var/cache/fontconfig/f6d4eedfaab2589bde49f7a3ff831d22-le64.cache-7
7f80ec015000-7f80ec016000 r--s 00000000 08:06 1709227                    /var/cache/fontconfig/589f83ef4c36d296ce6e1c846f468f08-le64.cache-7
7f80ec016000-7f80ec017000 r--s 00000000 08:06 1709247                    /var/cache/fontconfig/bab58bb527bb656aaa9f116d68a48d89-le64.cache-7
7f80ec017000-7f80ec018000 r--s 00000000 08:06 1709206                    /var/cache/fontconfig/2171a34dccabdb6bcbbc728186263178-le64.cache-7
7f80ec018000-7f80ec019000 r--s 00000000 08:06 1709248                    /var/cache/fontconfig/c5c45a61289222e0d30b1a26ef4effbe-le64.cache-7
7f80ec019000-7f80ec01a000 r--s 00000000 08:06 1709243                    /var/cache/fontconfig/aec30016f93e1b46d1a973dce0d74068-le64.cache-7
7f80ec01a000-7f80ec01b000 r--s 00000000 08:06 1709213                    /var/cache/fontconfig/3f589640d34b7dc9042c8d453f7c8b9c-le64.cache-7
7f80ec01b000-7f80ec020000 r--s 00000000 08:06 1710793                    /var/cache/fontconfig/9d2451b1fd30e5bffe8383fd27c35478-le64.cache-7
7f80ec020000-7f80ec026000 r--s 00000000 08:06 1710792                    /var/cache/fontconfig/3047814df9a2f067bd2d96a2b9c36e5a-le64.cache-7
7f80ec026000-7f80ec02c000 r--s 00000000 08:06 1709244                    /var/cache/fontconfig/b47c4e1ecd0709278f4910c18777a504-le64.cache-7
7f80ec02c000-7f80ec03f000 r--s 00000000 08:06 1709253                    /var/cache/fontconfig/d52a8644073d54c13679302ca1180695-le64.cache-7
7f80ec03f000-7f80ec073000 r--s 00000000 08:06 3286250                    /home/andrea/.cache/fontconfig/7d7f26c191370988b6ec1b9bf2f3dff9-le64.cache-7
7f80ec073000-7f80ec075000 r-xp 00000000 08:06 1057446                    /usr/lib/x86_64-linux-gnu/libXau.so.6.0.0
7f80ec075000-7f80ec275000 ---p 00002000 08:06 1057446                    /usr/lib/x86_64-linux-gnu/libXau.so.6.0.0
7f80ec275000-7f80ec276000 r--p 00002000 08:06 1057446                    /usr/lib/x86_64-linux-gnu/libXau.so.6.0.0
7f80ec276000-7f80ec277000 rw-p 00003000 08:06 1057446                    /usr/lib/x86_64-linux-gnu/libXau.so.6.0.0
7f80ec277000-7f80ec2e5000 r-xp 00000000 08:06 1057051                    /usr/lib/x86_64-linux-gnu/libGLdispatch.so.0.0.0
7f80ec2e5000-7f80ec4e4000 ---p 0006e000 08:06 1057051                    /usr/lib/x86_64-linux-gnu/libGLdispatch.so.0.0.0
7f80ec4e4000-7f80ec50c000 r--p 0006d000 08:06 1057051                    /usr/lib/x86_64-linux-gnu/libGLdispatch.so.0.0.0
7f80ec50c000-7f80ec50d000 rw-p 00095000 08:06 1057051                    /usr/lib/x86_64-linux-gnu/libGLdispatch.so.0.0.0
7f80ec50d000-7f80ec52d000 rw-p 00000000 00:00 0 
7f80ec52d000-7f80ec53d000 r-xp 00000000 08:06 1057045                    /usr/lib/x86_64-linux-gnu/libGLX.so.0.0.0
7f80ec53d000-7f80ec73c000 ---p 00010000 08:06 1057045                    /usr/lib/x86_64-linux-gnu/libGLX.so.0.0.0
7f80ec73c000-7f80ec73d000 r--p 0000f000 08:06 1057045                    /usr/lib/x86_64-linux-gnu/libGLX.so.0.0.0
7f80ec73d000-7f80ec73e000 rw-p 00010000 08:06 1057045                    /usr/lib/x86_64-linux-gnu/libGLX.so.0.0.0
7f80ec73e000-7f80ec75e000 rw-p 00000000 00:00 0 
7f80ec75e000-7f80ec784000 r-xp 00000000 08:06 1058650                    /usr/lib/x86_64-linux-gnu/libxcb.so.1.1.0
7f80ec784000-7f80ec984000 ---p 00026000 08:06 1058650                    /usr/lib/x86_64-linux-gnu/libxcb.so.1.1.0
7f80ec984000-7f80ec985000 r--p 00026000 08:06 1058650                    /usr/lib/x86_64-linux-gnu/libxcb.so.1.1.0
7f80ec985000-7f80ec986000 rw-p 00027000 08:06 1058650                    /usr/lib/x86_64-linux-gnu/libxcb.so.1.1.0
7f80ec986000-7f80ec9f7000 r-xp 00000000 08:06 1057043                    /usr/lib/x86_64-linux-gnu/libGL.so.1.0.0
7f80ec9f7000-7f80ecbf6000 ---p 00071000 08:06 1057043                    /usr/lib/x86_64-linux-gnu/libGL.so.1.0.0
7f80ecbf6000-7f80ecc10000 r--p 00070000 08:06 1057043                    /usr/lib/x86_64-linux-gnu/libGL.so.1.0.0
7f80ecc10000-7f80ecc11000 rw-p 0008a000 08:06 1057043                    /usr/lib/x86_64-linux-gnu/libGL.so.1.0.0
7f80ecc11000-7f80ecc12000 rw-p 00000000 00:00 0 
7f80ecc12000-7f80ecd45000 r-xp 00000000 08:06 1056826                    /usr/lib/x86_64-linux-gnu/libX11.so.6.3.0
7f80ecd45000-7f80ecf45000 ---p 00133000 08:06 1056826                    /usr/lib/x86_64-linux-gnu/libX11.so.6.3.0
7f80ecf45000-7f80ecf46000 r--p 00133000 08:06 1056826                    /usr/lib/x86_64-linux-gnu/libX11.so.6.3.0
7f80ecf46000-7f80ecf4a000 rw-p 00134000 08:06 1056826                    /usr/lib/x86_64-linux-gnu/libX11.so.6.3.0
7f80ecf4a000-7f80ecf56000 r-xp 00000000 08:06 1320140                    /usr/lib/jvm/java-8-openjdk-amd64/jre/lib/amd64/libprism_es2.so
7f80ecf56000-7f80ed155000 ---p 0000c000 08:06 1320140                    /usr/lib/jvm/java-8-openjdk-amd64/jre/lib/amd64/libprism_es2.so
7f80ed155000-7f80ed156000 r--p 0000b000 08:06 1320140                    /usr/lib/jvm/java-8-openjdk-amd64/jre/lib/amd64/libprism_es2.so
7f80ed156000-7f80ed157000 rw-p 0000c000 08:06 1320140                    /usr/lib/jvm/java-8-openjdk-amd64/jre/lib/amd64/libprism_es2.so
7f80ed157000-7f80ed168000 r-xp 00000000 08:06 1320082                    /usr/lib/jvm/java-8-openjdk-amd64/jre/lib/amd64/libnio.so
7f80ed168000-7f80ed368000 ---p 00011000 08:06 1320082                    /usr/lib/jvm/java-8-openjdk-amd64/jre/lib/amd64/libnio.so
7f80ed368000-7f80ed369000 r--p 00011000 08:06 1320082                    /usr/lib/jvm/java-8-openjdk-amd64/jre/lib/amd64/libnio.so
7f80ed369000-7f80ed36a000 rw-p 00012000 08:06 1320082                    /usr/lib/jvm/java-8-openjdk-amd64/jre/lib/amd64/libnio.so
7f80ed36a000-7f80ed36d000 ---p 00000000 00:00 0 
7f80ed36d000-7f80ed46b000 rw-p 00000000 00:00 0 
7f80ed46b000-7f80ed46c000 ---p 00000000 00:00 0 
7f80ed46c000-7f80ed56c000 rw-p 00000000 00:00 0 
7f80ed56c000-7f80ed56f000 ---p 00000000 00:00 0 
7f80ed56f000-7f80ed66d000 rw-p 00000000 00:00 0 
7f80ed66d000-7f80ed66e000 ---p 00000000 00:00 0 
7f80ed66e000-7f80ed671000 ---p 00000000 00:00 0 
7f80ed671000-7f80ed76e000 rw-p 00000000 00:00 0 
7f80ed76e000-7f80ed76f000 ---p 00000000 00:00 0 
7f80ed76f000-7f80ed772000 ---p 00000000 00:00 0 
7f80ed772000-7f80ed86f000 rw-p 00000000 00:00 0 
7f80ed86f000-7f80ed886000 r-xp 00000000 08:06 1320081                    /usr/lib/jvm/java-8-openjdk-amd64/jre/lib/amd64/libnet.so
7f80ed886000-7f80eda85000 ---p 00017000 08:06 1320081                    /usr/lib/jvm/java-8-openjdk-amd64/jre/lib/amd64/libnet.so
7f80eda85000-7f80eda86000 r--p 00016000 08:06 1320081                    /usr/lib/jvm/java-8-openjdk-amd64/jre/lib/amd64/libnet.so
7f80eda86000-7f80eda87000 rw-p 00017000 08:06 1320081                    /usr/lib/jvm/java-8-openjdk-amd64/jre/lib/amd64/libnet.so
7f80eda87000-7f80eda88000 ---p 00000000 00:00 0 
7f80eda88000-7f80eda8b000 ---p 00000000 00:00 0 
7f80eda8b000-7f80edb88000 rw-p 00000000 00:00 0 
7f80edb88000-7f80edb8b000 ---p 00000000 00:00 0 
7f80edb8b000-7f80edc89000 rw-p 00000000 00:00 0 
7f80edc89000-7f80edd20000 r--s 007cb000 08:06 1579963                    /usr/share/java/openjfx/jre/lib/ext/jfxrt.jar
7f80edd20000-7f80edd23000 ---p 00000000 00:00 0 
7f80edd23000-7f80ede21000 rw-p 00000000 00:00 0 
7f80ede21000-7f80ee7f0000 r--p 00000000 08:06 1055429                    /usr/lib/locale/locale-archive
7f80ee7f0000-7f80ee7f3000 ---p 00000000 00:00 0 
7f80ee7f3000-7f80ee8f1000 rw-p 00000000 00:00 0 
7f80ee8f1000-7f80ee8f4000 ---p 00000000 00:00 0 
7f80ee8f4000-7f80ee9f2000 rw-p 00000000 00:00 0 
7f80ee9f2000-7f80ee9f3000 ---p 00000000 00:00 0 
7f80ee9f3000-7f80f0000000 rw-p 00000000 00:00 0 
7f80f0000000-7f80f0026000 rw-p 00000000 00:00 0 
7f80f0026000-7f80f4000000 ---p 00000000 00:00 0 
7f80f4000000-7f80f4021000 rw-p 00000000 00:00 0 
7f80f4021000-7f80f8000000 ---p 00000000 00:00 0 
7f80f8000000-7f80f8021000 rw-p 00000000 00:00 0 
7f80f8021000-7f80fc000000 ---p 00000000 00:00 0 
7f80fc000000-7f80fc001000 r--s 00000000 08:06 1709203                    /var/cache/fontconfig/16c2fda60d1b4b719f4b3d06fd951d25-le64.cache-7
7f80fc001000-7f80fc002000 r--s 00000000 08:06 1709242                    /var/cache/fontconfig/a48eab177a16e4f3713381162db2f3e9-le64.cache-7
7f80fc002000-7f80fc003000 r--s 00000000 08:06 1709223                    /var/cache/fontconfig/564b2e68ac9bc4e36a6f7f6d6125ec1c-le64.cache-7
7f80fc003000-7f80fc004000 r--s 00000000 08:06 1709224                    /var/cache/fontconfig/56cf4f4769d0f4abc89a4895d7bd3ae1-le64.cache-7
7f80fc004000-7f80fc005000 r--s 00000000 08:06 1709246                    /var/cache/fontconfig/b9d506c9ac06c20b433354fa67a72993-le64.cache-7
7f80fc005000-7f80fc006000 r--s 00000000 08:06 1709211                    /var/cache/fontconfig/370e5b74bf5dafc30834de68e24a87a4-le64.cache-7
7f80fc006000-7f80fc007000 r--s 00000000 08:06 1709232                    /var/cache/fontconfig/6b2c5944714ca7831b25bed9e85cb5c8-le64.cache-7
7f80fc007000-7f80fc008000 r--s 00000000 08:06 1709252                    /var/cache/fontconfig/d5178ab6d91b49bf20a416737dcea9e8-le64.cache-7
7f80fc008000-7f80fc009000 r--s 00000000 08:06 1709222                    /var/cache/fontconfig/551ecf3b0e8b0bca0f25c0944f561853-le64.cache-7
7f80fc009000-7f80fc00c000 r--s 00000000 08:06 1709261                    /var/cache/fontconfig/f259c2cffa685e28062317905db73c4a-le64.cache-7
7f80fc00c000-7f80fc00e000 r--s 00000000 08:06 1709221                    /var/cache/fontconfig/550f3886151c940c12a5ed35f6a00586-le64.cache-7
7f80fc00e000-7f80fc011000 r--s 00000000 08:06 1709230                    /var/cache/fontconfig/674d1711f2d1d2a09646eb0bdcadee49-le64.cache-7
7f80fc011000-7f80fc012000 r--s 00000000 08:06 1709214                    /var/cache/fontconfig/3f7329c5293ffd510edef78f73874cfd-le64.cache-7
7f80fc012000-7f80fc01e000 r--s 00000000 08:06 1706864                    /var/cache/fontconfig/d589a48862398ed80a3d6066f4f56f4c-le64.cache-7
7f80fc01e000-7f80fc01f000 r--s 00000000 08:06 1709200                    /var/cache/fontconfig/0c9eb80ebd1c36541ebe2852d3bb0c49-le64.cache-7
7f80fc01f000-7f80fc020000 r--s 00000000 08:06 1709207                    /var/cache/fontconfig/22368d551a680bfe5a62c02760edf4ea-le64.cache-7
7f80fc020000-7f80fc02e000 r--s 00000000 08:06 1709239                    /var/cache/fontconfig/9b89f8e3dae116d678bbf48e5f21f69b-le64.cache-7
7f80fc02e000-7f8100000000 rw-p 00000000 00:00 0 
7f8100000000-7f8100021000 rw-p 00000000 00:00 0 
7f8100021000-7f8104000000 ---p 00000000 00:00 0 
7f8104000000-7f8104001000 r--s 00000000 08:06 1709219                    /var/cache/fontconfig/4d9c95eba1cb85bbcf2878543262124a-le64.cache-7
7f8104001000-7f8104002000 r--s 00000000 08:06 1709236                    /var/cache/fontconfig/85e0a52ce643a7ba2ae53e5d6949cead-le64.cache-7
7f8104002000-7f8104003000 r--s 00000000 08:06 1709216                    /var/cache/fontconfig/49f0de54bdd920fe4f0dfd4cbac43e6b-le64.cache-7
7f8104003000-7f8104004000 r--s 00000000 08:06 1709263                    /var/cache/fontconfig/f6e6e0a5c3d2f6ae0c0c2e0ecd42a997-le64.cache-7
7f8104004000-7f8104005000 r--s 00000000 08:06 1709217                    /var/cache/fontconfig/4b2eda6bb976bda485cb2176619421d5-le64.cache-7
7f8104005000-7f8104007000 r--s 00000000 08:06 1709231                    /var/cache/fontconfig/6afa1bb216ce958c1589e297e8008489-le64.cache-7
7f8104007000-7f810400a000 r--s 00000000 08:06 1709258                    /var/cache/fontconfig/e13b20fdb08344e0e664864cc2ede53d-le64.cache-7
7f810400a000-7f810400f000 rw-s 00000000 00:19 1427                       /i915 (deleted)
7f810400f000-7f8104013000 rw-s 00000000 00:19 1415                       /i915 (deleted)
7f8104013000-7f8104017000 rw-s 00000000 00:19 1408                       /i915 (deleted)
7f8104017000-7f810401c000 rw-s 00000000 00:19 1403                       /i915 (deleted)
7f810401c000-7f8104021000 rw-s 00000000 00:19 1126                       /i915 (deleted)
7f8104022000-7f8104026000 rw-s 00000000 00:19 1076                       /i915 (deleted)
7f8104026000-7f810402a000 rw-s 00000000 00:19 1071                       /i915 (deleted)
7f810402a000-7f810402f000 rw-s 00000000 00:19 1065                       /i915 (deleted)
7f810402f000-7f8104031000 r--s 0001a000 07:03 299                        /snap/intellij-idea-ultimate/79/lib/idea_rt.jar
7f8104031000-7f8104036000 r--s 00659000 08:06 3280790                    /home/andrea/IdeaProjects/drug-supervision/Referenced Libraries/sqlite-jdbc-3.21.0.jar
7f8104036000-7f8104049000 r--s 00346000 08:06 1320101                    /usr/lib/jvm/java-8-openjdk-amd64/jre/lib/resources.jar
7f8104049000-7f810404e000 r--s 0009d000 08:06 1320097                    /usr/lib/jvm/java-8-openjdk-amd64/jre/lib/jsse.jar
7f810404e000-7f8104069000 r--s 00394000 08:06 1573606                    /usr/lib/jvm/java-8-openjdk-amd64/jre/lib/ext/cldrdata.jar
7f8104069000-7f8104238000 r--s 03c32000 08:06 1320102                    /usr/lib/jvm/java-8-openjdk-amd64/jre/lib/rt.jar
7f8104238000-7f810468b000 rw-p 00000000 00:00 0 
7f810468b000-7f810468c000 ---p 00000000 00:00 0 
7f810468c000-7f810478c000 rw-p 00000000 00:00 0 
7f810478c000-7f810478d000 ---p 00000000 00:00 0 
7f810478d000-7f810488d000 rw-p 00000000 00:00 0 
7f810488d000-7f810488e000 ---p 00000000 00:00 0 
7f810488e000-7f81049b8000 rw-p 00000000 00:00 0 
7f81049b8000-7f8104c22000 ---p 00000000 00:00 0 
7f8104c22000-7f8104c4c000 rw-p 00000000 00:00 0 
7f8104c4c000-7f8104eb5000 ---p 00000000 00:00 0 
7f8104eb5000-7f8104eca000 rw-p 00000000 00:00 0 
7f8104eca000-7f8104fff000 ---p 00000000 00:00 0 
7f8104fff000-7f8105000000 rw-p 00000000 00:00 0 
7f8105000000-7f8105530000 rwxp 00000000 00:00 0 
7f8105530000-7f8114000000 ---p 00000000 00:00 0 
7f8114000000-7f8114438000 rw-p 00000000 00:00 0 
7f8114438000-7f8118000000 ---p 00000000 00:00 0 
7f8118000000-7f8118001000 rwxp 00000000 00:00 0 
7f8118001000-7f8118003000 r--s 00007000 08:06 1443156                    /usr/share/java/openjfx/jre/lib/jfxswt.jar
7f8118003000-7f8118008000 r--s 002f9000 08:06 1320090                    /usr/lib/jvm/java-8-openjdk-amd64/jre/lib/charsets.jar
7f8118008000-7f8118023000 r--s 001d6000 08:06 1573611                    /usr/lib/jvm/java-8-openjdk-amd64/jre/lib/ext/nashorn.jar
7f8118023000-7f8118024000 ---p 00000000 00:00 0 
7f8118024000-7f8118139000 rw-p 00000000 00:00 0 
7f8118139000-7f81184e4000 ---p 00000000 00:00 0 
7f81184e4000-7f81184ec000 r-xp 00000000 08:06 1320089                    /usr/lib/jvm/java-8-openjdk-amd64/jre/lib/amd64/libzip.so
7f81184ec000-7f81186eb000 ---p 00008000 08:06 1320089                    /usr/lib/jvm/java-8-openjdk-amd64/jre/lib/amd64/libzip.so
7f81186eb000-7f81186ec000 r--p 00007000 08:06 1320089                    /usr/lib/jvm/java-8-openjdk-amd64/jre/lib/amd64/libzip.so
7f81186ec000-7f81186ed000 rw-p 00008000 08:06 1320089                    /usr/lib/jvm/java-8-openjdk-amd64/jre/lib/amd64/libzip.so
7f81186ed000-7f81186f8000 r-xp 00000000 08:06 3413410                    /lib/x86_64-linux-gnu/libnss_files-2.27.so
7f81186f8000-7f81188f7000 ---p 0000b000 08:06 3413410                    /lib/x86_64-linux-gnu/libnss_files-2.27.so
7f81188f7000-7f81188f8000 r--p 0000a000 08:06 3413410                    /lib/x86_64-linux-gnu/libnss_files-2.27.so
7f81188f8000-7f81188f9000 rw-p 0000b000 08:06 3413410                    /lib/x86_64-linux-gnu/libnss_files-2.27.so
7f81188f9000-7f81188ff000 rw-p 00000000 00:00 0 
7f81188ff000-7f8118916000 r-xp 00000000 08:06 3413404                    /lib/x86_64-linux-gnu/libnsl-2.27.so
7f8118916000-7f8118b15000 ---p 00017000 08:06 3413404                    /lib/x86_64-linux-gnu/libnsl-2.27.so
7f8118b15000-7f8118b16000 r--p 00016000 08:06 3413404                    /lib/x86_64-linux-gnu/libnsl-2.27.so
7f8118b16000-7f8118b17000 rw-p 00017000 08:06 3413404                    /lib/x86_64-linux-gnu/libnsl-2.27.so
7f8118b17000-7f8118b19000 rw-p 00000000 00:00 0 
7f8118b19000-7f8118b24000 r-xp 00000000 08:06 3413421                    /lib/x86_64-linux-gnu/libnss_nis-2.27.so
7f8118b24000-7f8118d23000 ---p 0000b000 08:06 3413421                    /lib/x86_64-linux-gnu/libnss_nis-2.27.so
7f8118d23000-7f8118d24000 r--p 0000a000 08:06 3413421                    /lib/x86_64-linux-gnu/libnss_nis-2.27.so
7f8118d24000-7f8118d25000 rw-p 0000b000 08:06 3413421                    /lib/x86_64-linux-gnu/libnss_nis-2.27.so
7f8118d25000-7f8118d2d000 r-xp 00000000 08:06 3413406                    /lib/x86_64-linux-gnu/libnss_compat-2.27.so
7f8118d2d000-7f8118f2d000 ---p 00008000 08:06 3413406                    /lib/x86_64-linux-gnu/libnss_compat-2.27.so
7f8118f2d000-7f8118f2e000 r--p 00008000 08:06 3413406                    /lib/x86_64-linux-gnu/libnss_compat-2.27.so
7f8118f2e000-7f8118f2f000 rw-p 00009000 08:06 3413406                    /lib/x86_64-linux-gnu/libnss_compat-2.27.so
7f8118f2f000-7f8118f39000 r-xp 00000000 08:06 1320065                    /usr/lib/jvm/java-8-openjdk-amd64/jre/lib/amd64/libinstrument.so
7f8118f39000-7f8119138000 ---p 0000a000 08:06 1320065                    /usr/lib/jvm/java-8-openjdk-amd64/jre/lib/amd64/libinstrument.so
7f8119138000-7f8119139000 r--p 00009000 08:06 1320065                    /usr/lib/jvm/java-8-openjdk-amd64/jre/lib/amd64/libinstrument.so
7f8119139000-7f811913a000 rw-p 0000a000 08:06 1320065                    /usr/lib/jvm/java-8-openjdk-amd64/jre/lib/amd64/libinstrument.so
7f811913a000-7f8119168000 r-xp 00000000 08:06 1320070                    /usr/lib/jvm/java-8-openjdk-amd64/jre/lib/amd64/libjava.so
7f8119168000-7f8119367000 ---p 0002e000 08:06 1320070                    /usr/lib/jvm/java-8-openjdk-amd64/jre/lib/amd64/libjava.so
7f8119367000-7f8119368000 r--p 0002d000 08:06 1320070                    /usr/lib/jvm/java-8-openjdk-amd64/jre/lib/amd64/libjava.so
7f8119368000-7f811936a000 rw-p 0002e000 08:06 1320070                    /usr/lib/jvm/java-8-openjdk-amd64/jre/lib/amd64/libjava.so
7f811936a000-7f811937a000 r-xp 00000000 08:06 1320088                    /usr/lib/jvm/java-8-openjdk-amd64/jre/lib/amd64/libverify.so
7f811937a000-7f8119579000 ---p 00010000 08:06 1320088                    /usr/lib/jvm/java-8-openjdk-amd64/jre/lib/amd64/libverify.so
7f8119579000-7f811957b000 r--p 0000f000 08:06 1320088                    /usr/lib/jvm/java-8-openjdk-amd64/jre/lib/amd64/libverify.so
7f811957b000-7f811957c000 rw-p 00011000 08:06 1320088                    /usr/lib/jvm/java-8-openjdk-amd64/jre/lib/amd64/libverify.so
7f811957c000-7f8119583000 r-xp 00000000 08:06 3413461                    /lib/x86_64-linux-gnu/librt-2.27.so
7f8119583000-7f8119782000 ---p 00007000 08:06 3413461                    /lib/x86_64-linux-gnu/librt-2.27.so
7f8119782000-7f8119783000 r--p 00006000 08:06 3413461                    /lib/x86_64-linux-gnu/librt-2.27.so
7f8119783000-7f8119784000 rw-p 00007000 08:06 3413461                    /lib/x86_64-linux-gnu/librt-2.27.so
7f8119784000-7f811979b000 r-xp 00000000 08:06 3407895                    /lib/x86_64-linux-gnu/libgcc_s.so.1
7f811979b000-7f811999a000 ---p 00017000 08:06 3407895                    /lib/x86_64-linux-gnu/libgcc_s.so.1
7f811999a000-7f811999b000 r--p 00016000 08:06 3407895                    /lib/x86_64-linux-gnu/libgcc_s.so.1
7f811999b000-7f811999c000 rw-p 00017000 08:06 3407895                    /lib/x86_64-linux-gnu/libgcc_s.so.1
7f811999c000-7f8119b39000 r-xp 00000000 08:06 3413383                    /lib/x86_64-linux-gnu/libm-2.27.so
7f8119b39000-7f8119d38000 ---p 0019d000 08:06 3413383                    /lib/x86_64-linux-gnu/libm-2.27.so
7f8119d38000-7f8119d39000 r--p 0019c000 08:06 3413383                    /lib/x86_64-linux-gnu/libm-2.27.so
7f8119d39000-7f8119d3a000 rw-p 0019d000 08:06 3413383                    /lib/x86_64-linux-gnu/libm-2.27.so
7f8119d3a000-7f8119eb3000 r-xp 00000000 08:06 1048929                    /usr/lib/x86_64-linux-gnu/libstdc++.so.6.0.25
7f8119eb3000-7f811a0b3000 ---p 00179000 08:06 1048929                    /usr/lib/x86_64-linux-gnu/libstdc++.so.6.0.25
7f811a0b3000-7f811a0bd000 r--p 00179000 08:06 1048929                    /usr/lib/x86_64-linux-gnu/libstdc++.so.6.0.25
7f811a0bd000-7f811a0bf000 rw-p 00183000 08:06 1048929                    /usr/lib/x86_64-linux-gnu/libstdc++.so.6.0.25
7f811a0bf000-7f811a0c3000 rw-p 00000000 00:00 0 
7f811a0c3000-7f811ad58000 r-xp 00000000 08:06 1443038                    /usr/lib/jvm/java-8-openjdk-amd64/jre/lib/amd64/server/libjvm.so
7f811ad58000-7f811af57000 ---p 00c95000 08:06 1443038                    /usr/lib/jvm/java-8-openjdk-amd64/jre/lib/amd64/server/libjvm.so
7f811af57000-7f811afeb000 r--p 00c94000 08:06 1443038                    /usr/lib/jvm/java-8-openjdk-amd64/jre/lib/amd64/server/libjvm.so
7f811afeb000-7f811b013000 rw-p 00d28000 08:06 1443038                    /usr/lib/jvm/java-8-openjdk-amd64/jre/lib/amd64/server/libjvm.so
7f811b013000-7f811b044000 rw-p 00000000 00:00 0 
7f811b044000-7f811b05e000 r-xp 00000000 08:06 3413453                    /lib/x86_64-linux-gnu/libpthread-2.27.so
7f811b05e000-7f811b25d000 ---p 0001a000 08:06 3413453                    /lib/x86_64-linux-gnu/libpthread-2.27.so
7f811b25d000-7f811b25e000 r--p 00019000 08:06 3413453                    /lib/x86_64-linux-gnu/libpthread-2.27.so
7f811b25e000-7f811b25f000 rw-p 0001a000 08:06 3413453                    /lib/x86_64-linux-gnu/libpthread-2.27.so
7f811b25f000-7f811b263000 rw-p 00000000 00:00 0 
7f811b263000-7f811b266000 r-xp 00000000 08:06 3413343                    /lib/x86_64-linux-gnu/libdl-2.27.so
7f811b266000-7f811b465000 ---p 00003000 08:06 3413343                    /lib/x86_64-linux-gnu/libdl-2.27.so
7f811b465000-7f811b466000 r--p 00002000 08:06 3413343                    /lib/x86_64-linux-gnu/libdl-2.27.so
7f811b466000-7f811b467000 rw-p 00003000 08:06 3413343                    /lib/x86_64-linux-gnu/libdl-2.27.so
7f811b467000-7f811b483000 r-xp 00000000 08:06 3413492                    /lib/x86_64-linux-gnu/libz.so.1.2.11
7f811b483000-7f811b682000 ---p 0001c000 08:06 3413492                    /lib/x86_64-linux-gnu/libz.so.1.2.11
7f811b682000-7f811b683000 r--p 0001b000 08:06 3413492                    /lib/x86_64-linux-gnu/libz.so.1.2.11
7f811b683000-7f811b684000 rw-p 0001c000 08:06 3413492                    /lib/x86_64-linux-gnu/libz.so.1.2.11
7f811b684000-7f811b86b000 r-xp 00000000 08:06 3413320                    /lib/x86_64-linux-gnu/libc-2.27.so
7f811b86b000-7f811ba6b000 ---p 001e7000 08:06 3413320                    /lib/x86_64-linux-gnu/libc-2.27.so
7f811ba6b000-7f811ba6f000 r--p 001e7000 08:06 3413320                    /lib/x86_64-linux-gnu/libc-2.27.so
7f811ba6f000-7f811ba71000 rw-p 001eb000 08:06 3413320                    /lib/x86_64-linux-gnu/libc-2.27.so
7f811ba71000-7f811ba75000 rw-p 00000000 00:00 0 
7f811ba75000-7f811ba83000 r-xp 00000000 08:06 1443035                    /usr/lib/jvm/java-8-openjdk-amd64/jre/lib/amd64/jli/libjli.so
7f811ba83000-7f811bc82000 ---p 0000e000 08:06 1443035                    /usr/lib/jvm/java-8-openjdk-amd64/jre/lib/amd64/jli/libjli.so
7f811bc82000-7f811bc83000 r--p 0000d000 08:06 1443035                    /usr/lib/jvm/java-8-openjdk-amd64/jre/lib/amd64/jli/libjli.so
7f811bc83000-7f811bc84000 rw-p 0000e000 08:06 1443035                    /usr/lib/jvm/java-8-openjdk-amd64/jre/lib/amd64/jli/libjli.so
7f811bc84000-7f811bcab000 r-xp 00000000 08:06 3413292                    /lib/x86_64-linux-gnu/ld-2.27.so
7f811bcab000-7f811bcac000 r--s 00000000 08:06 1320099                    /usr/lib/jvm/java-8-openjdk-amd64/jre/lib/management-agent.jar
7f811bcac000-7f811bcae000 r--s 00016000 08:06 1320095                    /usr/lib/jvm/java-8-openjdk-amd64/jre/lib/jce.jar
7f811bcae000-7f811bcaf000 r--s 0000a000 08:06 1573609                    /usr/lib/jvm/java-8-openjdk-amd64/jre/lib/ext/jaccess.jar
7f811bcaf000-7f811bcb1000 r--s 00007000 08:06 1443082                    /usr/share/java/java-atk-wrapper.jar
7f811bcb1000-7f811bcb4000 r--s 00038000 08:06 1573614                    /usr/lib/jvm/java-8-openjdk-amd64/jre/lib/ext/sunpkcs11.jar
7f811bcb4000-7f811bcb6000 r--s 00008000 08:06 1573612                    /usr/lib/jvm/java-8-openjdk-amd64/jre/lib/ext/sunec.jar
7f811bcb6000-7f811bcc0000 r--s 00116000 08:06 1573610                    /usr/lib/jvm/java-8-openjdk-amd64/jre/lib/ext/localedata.jar
7f811bcc0000-7f811bcc1000 r--s 00010000 08:06 1573615                    /usr/lib/jvm/java-8-openjdk-amd64/jre/lib/ext/zipfs.jar
7f811bcc1000-7f811bcc3000 r--s 00001000 08:06 1573607                    /usr/lib/jvm/java-8-openjdk-amd64/jre/lib/ext/dnsns.jar
7f811bcc3000-7f811bd93000 rw-p 00000000 00:00 0 
7f811bd93000-7f811bd94000 ---p 00000000 00:00 0 
7f811bd94000-7f811bd97000 ---p 00000000 00:00 0 
7f811bd97000-7f811be96000 rw-p 00000000 00:00 0 
7f811be96000-7f811be99000 r--s 0000f000 08:06 1573608                    /usr/lib/jvm/java-8-openjdk-amd64/jre/lib/ext/icedtea-sound.jar
7f811be99000-7f811be9f000 r--s 0003b000 08:06 1573613                    /usr/lib/jvm/java-8-openjdk-amd64/jre/lib/ext/sunjce_provider.jar
7f811be9f000-7f811bea7000 rw-s 00000000 08:06 917557                     /tmp/hsperfdata_andrea/8144
7f811bea7000-7f811bea8000 rw-p 00000000 00:00 0 
7f811bea8000-7f811bea9000 r--p 00000000 00:00 0 
7f811bea9000-7f811beab000 rw-p 00000000 00:00 0 
7f811beab000-7f811beac000 r--p 00027000 08:06 3413292                    /lib/x86_64-linux-gnu/ld-2.27.so
7f811beac000-7f811bead000 rw-p 00028000 08:06 3413292                    /lib/x86_64-linux-gnu/ld-2.27.so
7f811bead000-7f811beae000 rw-p 00000000 00:00 0 
7ffe3a543000-7ffe3a565000 rw-p 00000000 00:00 0                          [stack]
7ffe3a56b000-7ffe3a56e000 r--p 00000000 00:00 0                          [vvar]
7ffe3a56e000-7ffe3a570000 r-xp 00000000 00:00 0                          [vdso]
ffffffffff600000-ffffffffff601000 r-xp 00000000 00:00 0                  [vsyscall]

VM Arguments:
jvm_args: -javaagent:/snap/intellij-idea-ultimate/79/lib/idea_rt.jar=34771:/snap/intellij-idea-ultimate/79/bin -Dfile.encoding=UTF-8 
java_command: MainApp
java_class_path (initial): /usr/lib/jvm/java-8-openjdk-amd64/jre/lib/charsets.jar:/usr/lib/jvm/java-8-openjdk-amd64/jre/lib/ext/cldrdata.jar:/usr/lib/jvm/java-8-openjdk-amd64/jre/lib/ext/dnsns.jar:/usr/lib/jvm/java-8-openjdk-amd64/jre/lib/ext/icedtea-sound.jar:/usr/lib/jvm/java-8-openjdk-amd64/jre/lib/ext/jaccess.jar:/usr/lib/jvm/java-8-openjdk-amd64/jre/lib/ext/java-atk-wrapper.jar:/usr/lib/jvm/java-8-openjdk-amd64/jre/lib/ext/jfxrt.jar:/usr/lib/jvm/java-8-openjdk-amd64/jre/lib/ext/localedata.jar:/usr/lib/jvm/java-8-openjdk-amd64/jre/lib/ext/nashorn.jar:/usr/lib/jvm/java-8-openjdk-amd64/jre/lib/ext/sunec.jar:/usr/lib/jvm/java-8-openjdk-amd64/jre/lib/ext/sunjce_provider.jar:/usr/lib/jvm/java-8-openjdk-amd64/jre/lib/ext/sunpkcs11.jar:/usr/lib/jvm/java-8-openjdk-amd64/jre/lib/ext/zipfs.jar:/usr/lib/jvm/java-8-openjdk-amd64/jre/lib/jce.jar:/usr/lib/jvm/java-8-openjdk-amd64/jre/lib/jfxswt.jar:/usr/lib/jvm/java-8-openjdk-amd64/jre/lib/jsse.jar:/usr/lib/jvm/java-8-openjdk-amd64/jre/lib/management-agent.jar:/usr/lib/jvm/java-8-openjdk-amd64/jre/lib/resources.jar:/usr/lib/jvm/java-8-openjdk-amd64/jre/lib/rt.jar:/home/andrea/IdeaProjects/drug-supervision/out/production/drug-supervision:/home/andrea/IdeaProjects/drug-supervision/Referenced Libraries/sqlite-jdbc-3.21.0.jar:/snap/intellij-idea-ultimate/79/lib/idea_rt.jar
Launcher Type: SUN_STANDARD

Environment Variables:
PATH=/usr/local/sbin:/usr/local/bin:/usr/sbin:/usr/bin:/sbin:/bin:/usr/games:/usr/local/games:/snap/bin
USERNAME=andrea
SHELL=/usr/bin/zsh
DISPLAY=:0

Signal Handlers:
SIGSEGV: [libjvm.so+0xaaf3a0], sa_mask[0]=11111111011111111101111111111110, sa_flags=SA_RESTART|SA_SIGINFO
SIGBUS: [libjvm.so+0xaaf3a0], sa_mask[0]=11111111011111111101111111111110, sa_flags=SA_RESTART|SA_SIGINFO
SIGFPE: [libjvm.so+0x8e52e0], sa_mask[0]=11111111011111111101111111111110, sa_flags=SA_RESTART|SA_SIGINFO
SIGPIPE: SIG_IGN, sa_mask[0]=00000000000010000000000000000000, sa_flags=SA_RESTART
SIGXFSZ: [libjvm.so+0x8e52e0], sa_mask[0]=11111111011111111101111111111110, sa_flags=SA_RESTART|SA_SIGINFO
SIGILL: [libjvm.so+0x8e52e0], sa_mask[0]=11111111011111111101111111111110, sa_flags=SA_RESTART|SA_SIGINFO
SIGUSR1: SIG_DFL, sa_mask[0]=00000000000000000000000000000000, sa_flags=none
SIGUSR2: [libjvm.so+0x8e5190], sa_mask[0]=00100000000000000000000000000000, sa_flags=SA_RESTART|SA_SIGINFO
SIGHUP: [libjvm.so+0x8e5640], sa_mask[0]=11111111011111111101111111111110, sa_flags=SA_RESTART|SA_SIGINFO
SIGINT: [libjvm.so+0x8e5640], sa_mask[0]=11111111011111111101111111111110, sa_flags=SA_RESTART|SA_SIGINFO
SIGTERM: [libjvm.so+0x8e5640], sa_mask[0]=11111111011111111101111111111110, sa_flags=SA_RESTART|SA_SIGINFO
SIGQUIT: [libjvm.so+0x8e5640], sa_mask[0]=11111111011111111101111111111110, sa_flags=SA_RESTART|SA_SIGINFO


---------------  S Y S T E M  ---------------

OS:DISTRIB_ID=Ubuntu
DISTRIB_RELEASE=18.04
DISTRIB_CODENAME=bionic
DISTRIB_DESCRIPTION="Ubuntu 18.04.1 LTS"

uname:Linux 4.15.0-34-generic #37-Ubuntu SMP Mon Aug 27 15:21:48 UTC 2018 x86_64
libc:glibc 2.27 NPTL 2.27 
rlimit: STACK 8192k, CORE 0k, NPROC 31127, NOFILE 1048576, AS infinity
load average:0,77 1,65 1,49

/proc/meminfo:
MemTotal:        8097972 kB
MemFree:         1855728 kB
MemAvailable:    4102688 kB
Buffers:          307656 kB
Cached:          2571428 kB
SwapCached:            0 kB
Active:          4008396 kB
Inactive:        1922208 kB
Active(anon):    3052708 kB
Inactive(anon):   468996 kB
Active(file):     955688 kB
Inactive(file):  1453212 kB
Unevictable:          16 kB
Mlocked:              16 kB
SwapTotal:       2097148 kB
SwapFree:        2097148 kB
Dirty:              8684 kB
Writeback:             0 kB
AnonPages:       3051940 kB
Mapped:           666008 kB
Shmem:            470020 kB
Slab:             181200 kB
SReclaimable:     124896 kB
SUnreclaim:        56304 kB
KernelStack:       13344 kB
PageTables:        53764 kB
NFS_Unstable:          0 kB
Bounce:                0 kB
WritebackTmp:          0 kB
CommitLimit:     6146132 kB
Committed_AS:    9303620 kB
VmallocTotal:   34359738367 kB
VmallocUsed:           0 kB
VmallocChunk:          0 kB
HardwareCorrupted:     0 kB
AnonHugePages:         0 kB
ShmemHugePages:        0 kB
ShmemPmdMapped:        0 kB
CmaTotal:              0 kB
CmaFree:               0 kB
HugePages_Total:       0
HugePages_Free:        0
HugePages_Rsvd:        0
HugePages_Surp:        0
Hugepagesize:       2048 kB
DirectMap4k:      163112 kB
DirectMap2M:     5009408 kB
DirectMap1G:     3145728 kB


CPU:total 4 (initial active 4) (2 cores per cpu, 2 threads per core) family 6 model 142 stepping 9, cmov, cx8, fxsr, mmx, sse, sse2, sse3, ssse3, sse4.1, sse4.2, popcnt, avx, avx2, aes, clmul, erms, 3dnowpref, lzcnt, ht, tsc, tscinvbit, bmi1, bmi2, adx

/proc/cpuinfo:
processor	: 0
vendor_id	: GenuineIntel
cpu family	: 6
model		: 142
model name	: Intel(R) Core(TM) i5-7200U CPU @ 2.50GHz
stepping	: 9
microcode	: 0x8e
cpu MHz		: 3100.000
cache size	: 3072 KB
physical id	: 0
siblings	: 4
core id		: 0
cpu cores	: 2
apicid		: 0
initial apicid	: 0
fpu		: yes
fpu_exception	: yes
cpuid level	: 22
wp		: yes
flags		: fpu vme de pse tsc msr pae mce cx8 apic sep mtrr pge mca cmov pat pse36 clflush dts acpi mmx fxsr sse sse2 ss ht tm pbe syscall nx pdpe1gb rdtscp lm constant_tsc art arch_perfmon pebs bts rep_good nopl xtopology nonstop_tsc cpuid aperfmperf tsc_known_freq pni pclmulqdq dtes64 monitor ds_cpl vmx est tm2 ssse3 sdbg fma cx16 xtpr pdcm pcid sse4_1 sse4_2 x2apic movbe popcnt tsc_deadline_timer aes xsave avx f16c rdrand lahf_lm abm 3dnowprefetch cpuid_fault epb invpcid_single pti ssbd ibrs ibpb stibp tpr_shadow vnmi flexpriority ept vpid fsgsbase tsc_adjust bmi1 avx2 smep bmi2 erms invpcid mpx rdseed adx smap clflushopt intel_pt xsaveopt xsavec xgetbv1 xsaves dtherm ida arat pln pts hwp hwp_notify hwp_act_window hwp_epp flush_l1d
bugs		: cpu_meltdown spectre_v1 spectre_v2 spec_store_bypass l1tf
bogomips	: 5424.00
clflush size	: 64
cache_alignment	: 64
address sizes	: 39 bits physical, 48 bits virtual
power management:

processor	: 1
vendor_id	: GenuineIntel
cpu family	: 6
model		: 142
model name	: Intel(R) Core(TM) i5-7200U CPU @ 2.50GHz
stepping	: 9
microcode	: 0x8e
cpu MHz		: 3099.992
cache size	: 3072 KB
physical id	: 0
siblings	: 4
core id		: 1
cpu cores	: 2
apicid		: 2
initial apicid	: 2
fpu		: yes
fpu_exception	: yes
cpuid level	: 22
wp		: yes
flags		: fpu vme de pse tsc msr pae mce cx8 apic sep mtrr pge mca cmov pat pse36 clflush dts acpi mmx fxsr sse sse2 ss ht tm pbe syscall nx pdpe1gb rdtscp lm constant_tsc art arch_perfmon pebs bts rep_good nopl xtopology nonstop_tsc cpuid aperfmperf tsc_known_freq pni pclmulqdq dtes64 monitor ds_cpl vmx est tm2 ssse3 sdbg fma cx16 xtpr pdcm pcid sse4_1 sse4_2 x2apic movbe popcnt tsc_deadline_timer aes xsave avx f16c rdrand lahf_lm abm 3dnowprefetch cpuid_fault epb invpcid_single pti tpr_shadow vnmi flexpriority ept vpid fsgsbase tsc_adjust bmi1 avx2 smep bmi2 erms invpcid mpx rdseed adx smap clflushopt intel_pt xsaveopt xsavec xgetbv1 xsaves dtherm ida arat pln pts hwp hwp_notify hwp_act_window hwp_epp
bugs		: cpu_meltdown spectre_v1 spectre_v2 spec_store_bypass l1tf
bogomips	: 5424.00
clflush size	: 64
cache_alignment	: 64
address sizes	: 39 bits physical, 48 bits virtual
power management:

processor	: 2
vendor_id	: GenuineIntel
cpu family	: 6
model		: 142
model name	: Intel(R) Core(TM) i5-7200U CPU @ 2.50GHz
stepping	: 9
microcode	: 0x8e
cpu MHz		: 3100.004
cache size	: 3072 KB
physical id	: 0
siblings	: 4
core id		: 0
cpu cores	: 2
apicid		: 1
initial apicid	: 1
fpu		: yes
fpu_exception	: yes
cpuid level	: 22
wp		: yes
flags		: fpu vme de pse tsc msr pae mce cx8 apic sep mtrr pge mca cmov pat pse36 clflush dts acpi mmx fxsr sse sse2 ss ht tm pbe syscall nx pdpe1gb rdtscp lm constant_tsc art arch_perfmon pebs bts rep_good nopl xtopology nonstop_tsc cpuid aperfmperf tsc_known_freq pni pclmulqdq dtes64 monitor ds_cpl vmx est tm2 ssse3 sdbg fma cx16 xtpr pdcm pcid sse4_1 sse4_2 x2apic movbe popcnt tsc_deadline_timer aes xsave avx f16c rdrand lahf_lm abm 3dnowprefetch cpuid_fault epb invpcid_single pti ssbd ibrs ibpb stibp tpr_shadow vnmi flexpriority ept vpid fsgsbase tsc_adjust bmi1 avx2 smep bmi2 erms invpcid mpx rdseed adx smap clflushopt intel_pt xsaveopt xsavec xgetbv1 xsaves dtherm ida arat pln pts hwp hwp_notify hwp_act_window hwp_epp flush_l1d
bugs		: cpu_meltdown spectre_v1 spectre_v2 spec_store_bypass l1tf
bogomips	: 5424.00
clflush size	: 64
cache_alignment	: 64
address sizes	: 39 bits physical, 48 bits virtual
power management:

processor	: 3
vendor_id	: GenuineIntel
cpu family	: 6
model		: 142
model name	: Intel(R) Core(TM) i5-7200U CPU @ 2.50GHz
stepping	: 9
microcode	: 0x8e
cpu MHz		: 3100.000
cache size	: 3072 KB
physical id	: 0
siblings	: 4
core id		: 1
cpu cores	: 2
apicid		: 3
initial apicid	: 3
fpu		: yes
fpu_exception	: yes
cpuid level	: 22
wp		: yes
flags		: fpu vme de pse tsc msr pae mce cx8 apic sep mtrr pge mca cmov pat pse36 clflush dts acpi mmx fxsr sse sse2 ss ht tm pbe syscall nx pdpe1gb rdtscp lm constant_tsc art arch_perfmon pebs bts rep_good nopl xtopology nonstop_tsc cpuid aperfmperf tsc_known_freq pni pclmulqdq dtes64 monitor ds_cpl vmx est tm2 ssse3 sdbg fma cx16 xtpr pdcm pcid sse4_1 sse4_2 x2apic movbe popcnt tsc_deadline_timer aes xsave avx f16c rdrand lahf_lm abm 3dnowprefetch cpuid_fault epb invpcid_single pti ssbd ibrs ibpb stibp tpr_shadow vnmi flexpriority ept vpid fsgsbase tsc_adjust bmi1 avx2 smep bmi2 erms invpcid mpx rdseed adx smap clflushopt intel_pt xsaveopt xsavec xgetbv1 xsaves dtherm ida arat pln pts hwp hwp_notify hwp_act_window hwp_epp flush_l1d
bugs		: cpu_meltdown spectre_v1 spectre_v2 spec_store_bypass l1tf
bogomips	: 5424.00
clflush size	: 64
cache_alignment	: 64
address sizes	: 39 bits physical, 48 bits virtual
power management:



Memory: 4k page, physical 8097972k(1855428k free), swap 2097148k(2097148k free)

vm_info: OpenJDK 64-Bit Server VM (25.181-b13) for linux-amd64 JRE (1.8.0_181-8u181-b13-0ubuntu0.18.04.1-b13), built on Jul 23 2018 19:14:48 by "buildd" with gcc 7.3.0

time: Tue Oct  2 13:13:13 2018
elapsed time: 6 seconds (0d 0h 0m 6s)

